[2022-08-12 13:50:32] PRINT get params
[2022-08-12 13:50:32] PRINT {'batch_size': 512, 'epochs': 1, 'seq': 15, 'path': './data/kdd17/preprocessed/'}
[2022-08-12 13:50:32] PRINT 50  tickers selected
[2022-08-12 13:50:32] PRINT ['SNP500.csv', 'BA.csv', 'TM.csv', 'MO.csv', 'NVS.csv', 'T.csv', 'DCM.csv', 'CHL.csv', 'BAC.csv', 'PEP.csv', 'VALE.csv', 'D.csv', 'MRK.csv', 'ORCL.csv', 'PG.csv', 'AMZN.csv', 'INTC.csv', 'MMM.csv', 'KO.csv', 'UPS.csv', 'MSFT.csv', 'TOT.csv', 'EXC.csv', 'HD.csv', 'SO.csv', 'XOM.csv', 'CVX.csv', 'RDS-B.csv', 'CMCSA.csv', 'NGG.csv', 'BHP.csv', 'WFC.csv', 'DIS.csv', 'GE.csv', 'PTR.csv', 'JPM.csv', 'GOOGL.csv', 'PFE.csv', 'DUK.csv', 'VZ.csv', 'UNH.csv', 'MA.csv', 'SYT.csv', 'AAPL.csv', 'WMT.csv', 'NTT.csv', 'RIO.csv', 'BRK-B.csv', 'DOW.csv', 'JNJ.csv']
[2022-08-12 13:50:33] PRINT 2518 trading dates
[2022-08-12 13:50:33] PRINT tra, val, tes index:  0 2014 2266
[2022-08-12 13:50:33] PRINT 1970  training instances
[2022-08-12 13:50:33] PRINT 252  validaing instances
[2022-08-12 13:50:33] PRINT 252  testing instances
[2022-08-12 13:50:34] PRINT [[[[-5.56279098e-03  1.99157337e-03 -5.70017165e-03 ... -1.29386956e-02
[2022-08-12 13:50:34] PRINT     -1.45072531e-02 -1.71737496e-02]
[2022-08-12 13:50:34] PRINT    [-8.91666648e-04  1.02876541e-03 -2.53779144e-03 ... -1.31068374e-02
[2022-08-12 13:50:34] PRINT     -1.46225951e-02 -1.74415466e-02]
[2022-08-12 13:50:34] PRINT    [-1.98994036e-03  2.05853296e-04 -3.43100263e-03 ... -1.16340095e-02
[2022-08-12 13:50:34] PRINT     -1.31690026e-02 -1.60405400e-02]
[2022-08-12 13:50:34] PRINT    ...
[2022-08-12 13:50:34] PRINT    [ 4.22269366e-03  1.62358639e-02 -1.45642513e-04 ...  4.64069774e-02
[2022-08-12 13:50:34] PRINT      4.62293496e-02  4.50212605e-02]
[2022-08-12 13:50:34] PRINT    [-6.58552627e-03  3.00642812e-03 -1.41732000e-02 ...  2.69613170e-02
[2022-08-12 13:50:34] PRINT      2.79570477e-02  2.68026869e-02]
[2022-08-12 13:50:34] PRINT    [ 2.14946979e-04  6.44890379e-03 -1.14648898e-03 ...  2.60819651e-02
[2022-08-12 13:50:34] PRINT      2.80625060e-02  2.70588991e-02]]
[2022-08-12 13:50:34] PRINT 
[2022-08-12 13:50:34] PRINT   [[-7.44946615e-03  2.55721586e-03 -7.44946615e-03 ... -1.81243206e-02
[2022-08-12 13:50:34] PRINT     -1.82061568e-02 -1.76257013e-02]
[2022-08-12 13:50:34] PRINT    [-1.84276744e-02  9.81397895e-04 -2.01722606e-02 ... -3.48672001e-02
[2022-08-12 13:50:34] PRINT     -3.59406943e-02 -3.55375710e-02]
[2022-08-12 13:50:34] PRINT    [ 1.14361225e-02  1.16560147e-02 -2.30920382e-03 ... -2.52378098e-02
[2022-08-12 13:50:34] PRINT     -2.67039137e-02 -2.67283215e-02]
[2022-08-12 13:50:34] PRINT    ...
[2022-08-12 13:50:34] PRINT    [-6.89473708e-04  1.34452429e-02 -7.23969227e-03 ...  2.85515111e-02
[2022-08-12 13:50:34] PRINT      2.53045618e-02  1.93203109e-02]
[2022-08-12 13:50:34] PRINT    [ 2.39124345e-03  2.39124345e-03 -8.76790025e-03 ...  1.77294378e-02
[2022-08-12 13:50:34] PRINT      1.71709912e-02  1.10023577e-02]
[2022-08-12 13:50:34] PRINT    [-1.00326796e-02  6.08726193e-03 -1.00326796e-02 ...  6.43670385e-03
[2022-08-12 13:50:34] PRINT      8.33717773e-03  1.49284668e-03]]
[2022-08-12 13:50:34] PRINT 
[2022-08-12 13:50:34] PRINT   [[-1.23076410e-02  4.10254945e-03 -1.23076410e-02 ... -2.87032877e-02
[2022-08-12 13:50:34] PRINT     -3.20732507e-02 -2.90671436e-02]
[2022-08-12 13:50:34] PRINT    [ 2.26656424e-03  2.48590327e-03 -4.67938131e-03 ... -2.89062145e-02
[2022-08-12 13:50:34] PRINT     -3.18374102e-02 -3.06256444e-02]
[2022-08-12 13:50:34] PRINT    [-9.47794427e-04  0.00000000e+00 -6.27051431e-03 ... -2.98395476e-02
[2022-08-12 13:50:34] PRINT     -3.20786978e-02 -3.34621000e-02]
[2022-08-12 13:50:34] PRINT    ...
[2022-08-12 13:50:34] PRINT    [ 3.04901093e-03  1.23524427e-02 -1.01637867e-03 ...  4.51176290e-02
[2022-08-12 13:50:34] PRINT      4.27206335e-02  4.14718394e-02]
[2022-08-12 13:50:34] PRINT    [-2.10953822e-03  1.13018161e-03 -1.01709564e-02 ...  8.02006458e-03
[2022-08-12 13:50:34] PRINT      5.16540296e-03  4.03327817e-03]
[2022-08-12 13:50:34] PRINT    [ 2.40751584e-03  6.47006480e-03 -1.50464191e-03 ...  6.28574800e-03
[2022-08-12 13:50:34] PRINT      3.79176940e-03  2.80872197e-03]]
[2022-08-12 13:50:34] PRINT 
[2022-08-12 13:50:34] PRINT   ...
[2022-08-12 13:50:34] PRINT 
[2022-08-12 13:50:34] PRINT   [[ 2.77014665e-03  2.77014665e-03 -2.77004084e-03 ...  3.60115666e-03
[2022-08-12 13:50:34] PRINT      4.85877361e-03  4.20595493e-03]
[2022-08-12 13:50:34] PRINT    [ 1.26404716e-02  1.65730389e-02 -2.24713521e-03 ...  1.66643750e-02
[2022-08-12 13:50:34] PRINT      1.79494873e-02  1.75328163e-02]
[2022-08-12 13:50:34] PRINT    [-8.28727137e-03  5.52498883e-04 -1.57458475e-02 ... -6.83723738e-04
[2022-08-12 13:50:34] PRINT      5.24840317e-04  7.59645007e-04]
[2022-08-12 13:50:34] PRINT    ...
[2022-08-12 13:50:34] PRINT    [-3.36886394e-03  1.09488883e-02 -1.03873931e-02 ...  7.09575890e-03
[2022-08-12 13:50:34] PRINT      1.03200716e-02  1.01581844e-02]
[2022-08-12 13:50:34] PRINT    [ 3.35578176e-03  4.47426895e-03 -4.47426895e-03 ...  2.47487147e-03
[2022-08-12 13:50:34] PRINT      6.01793649e-03  5.60686778e-03]
[2022-08-12 13:50:34] PRINT    [-6.12124147e-03  9.73840883e-04 -6.12124147e-03 ... -3.07453129e-03
[2022-08-12 13:50:34] PRINT      5.12001134e-04  2.92194874e-04]]
[2022-08-12 13:50:34] PRINT 
[2022-08-12 13:50:34] PRINT   [[-5.11987421e-03  2.55994874e-03 -9.54154039e-03 ... -2.77752130e-02
[2022-08-12 13:50:34] PRINT     -3.48801711e-02 -4.14010007e-02]
[2022-08-12 13:50:34] PRINT    [-1.24024113e-02  2.29627923e-04 -1.24024113e-02 ... -3.75172201e-02
[2022-08-12 13:50:34] PRINT     -4.37574630e-02 -5.14469451e-02]
[2022-08-12 13:50:34] PRINT    [ 1.38123852e-03  9.43828291e-03 -2.53215936e-03 ... -3.37361509e-02
[2022-08-12 13:50:34] PRINT     -3.84161709e-02 -4.66927230e-02]
[2022-08-12 13:50:34] PRINT    ...
[2022-08-12 13:50:34] PRINT    [-2.63400396e-03  1.46073043e-02 -4.54976075e-03 ...  2.48803125e-02
[2022-08-12 13:50:34] PRINT      1.84483267e-02  1.53496679e-02]
[2022-08-12 13:50:34] PRINT    [-5.65766175e-03  4.47909026e-03 -6.83632753e-03 ...  1.03135639e-02
[2022-08-12 13:50:34] PRINT      3.58325427e-03  1.02191686e-04]
[2022-08-12 13:50:34] PRINT    [ 8.07792825e-03  1.52055120e-02 -1.90073652e-03 ...  1.86267405e-02
[2022-08-12 13:50:34] PRINT      1.22594354e-02  8.52933535e-03]]
[2022-08-12 13:50:34] PRINT 
[2022-08-12 13:50:34] PRINT   [[-4.40394850e-03  7.59362210e-04 -6.83365245e-03 ...  8.34475056e-03
[2022-08-12 13:50:34] PRINT      8.91119249e-03  9.33437985e-03]
[2022-08-12 13:50:34] PRINT    [-6.08010327e-04  2.12796774e-03 -3.04005163e-03 ...  7.80513061e-03
[2022-08-12 13:50:34] PRINT      9.61239730e-03  9.94578476e-03]
[2022-08-12 13:50:34] PRINT    [ 2.13707824e-03  3.51085320e-03 -4.12156910e-03 ...  1.03953434e-02
[2022-08-12 13:50:34] PRINT      1.31827050e-02  1.33872576e-02]
[2022-08-12 13:50:34] PRINT    ...
[2022-08-12 13:50:34] PRINT    [-6.14589985e-03  8.41009192e-03 -6.14589985e-03 ...  4.19002866e-02
[2022-08-12 13:50:34] PRINT      4.76575251e-02  5.17690361e-02]
[2022-08-12 13:50:34] PRINT    [ 7.29337103e-03  8.42787669e-03 -5.34849262e-03 ...  4.06788642e-02
[2022-08-12 13:50:34] PRINT      4.72282553e-02  5.12346414e-02]
[2022-08-12 13:50:34] PRINT    [-3.39474615e-03  1.08308760e-02 -4.36471057e-03 ...  3.49497050e-02
[2022-08-12 13:50:34] PRINT      4.18389249e-02  4.62227983e-02]]]
[2022-08-12 13:50:34] PRINT 
[2022-08-12 13:50:34] PRINT 
[2022-08-12 13:50:34] PRINT  [[[-8.91666648e-04  1.02876541e-03 -2.53779144e-03 ... -1.31068374e-02
[2022-08-12 13:50:34] PRINT     -1.46225951e-02 -1.74415466e-02]
[2022-08-12 13:50:34] PRINT    [-1.98994036e-03  2.05853296e-04 -3.43100263e-03 ... -1.16340095e-02
[2022-08-12 13:50:34] PRINT     -1.31690026e-02 -1.60405400e-02]
[2022-08-12 13:50:34] PRINT    [-3.28673667e-03  1.09561769e-03 -7.12128903e-03 ... -1.24794155e-02
[2022-08-12 13:50:34] PRINT     -1.44973305e-02 -1.68742995e-02]
[2022-08-12 13:50:34] PRINT    ...
[2022-08-12 13:50:34] PRINT    [-6.58552627e-03  3.00642812e-03 -1.41732000e-02 ...  2.69613170e-02
[2022-08-12 13:50:34] PRINT      2.79570477e-02  2.68026869e-02]
[2022-08-12 13:50:34] PRINT    [ 2.14946979e-04  6.44890379e-03 -1.14648898e-03 ...  2.60819651e-02
[2022-08-12 13:50:34] PRINT      2.80625060e-02  2.70588991e-02]
[2022-08-12 13:50:34] PRINT    [-1.42114532e-03  2.98421902e-03 -4.76053699e-03 ...  1.58910561e-02
[2022-08-12 13:50:34] PRINT      1.85875134e-02  1.76875412e-02]]
[2022-08-12 13:50:34] PRINT 
[2022-08-12 13:50:34] PRINT   [[-1.84276744e-02  9.81397895e-04 -2.01722606e-02 ... -3.48672001e-02
[2022-08-12 13:50:34] PRINT     -3.59406943e-02 -3.55375710e-02]
[2022-08-12 13:50:34] PRINT    [ 1.14361225e-02  1.16560147e-02 -2.30920382e-03 ... -2.52378098e-02
[2022-08-12 13:50:34] PRINT     -2.67039137e-02 -2.67283215e-02]
[2022-08-12 13:50:34] PRINT    [ 5.16314408e-03  7.25039006e-03 -1.30726465e-02 ... -2.30380883e-02
[2022-08-12 13:50:34] PRINT     -2.62428690e-02 -2.68765349e-02]
[2022-08-12 13:50:34] PRINT    ...
[2022-08-12 13:50:34] PRINT    [ 2.39124345e-03  2.39124345e-03 -8.76790025e-03 ...  1.77294378e-02
[2022-08-12 13:50:34] PRINT      1.71709912e-02  1.10023577e-02]
[2022-08-12 13:50:34] PRINT    [-1.00326796e-02  6.08726193e-03 -1.00326796e-02 ...  6.43670385e-03
[2022-08-12 13:50:34] PRINT      8.33717773e-03  1.49284668e-03]
[2022-08-12 13:50:34] PRINT    [ 1.01253235e-03  8.77487916e-03 -3.14993816e-03 ...  3.57746181e-03
[2022-08-12 13:50:34] PRINT      6.14887155e-03  7.49720334e-05]]
[2022-08-12 13:50:34] PRINT 
[2022-08-12 13:50:34] PRINT   [[ 2.26656424e-03  2.48590327e-03 -4.67938131e-03 ... -2.89062145e-02
[2022-08-12 13:50:34] PRINT     -3.18374102e-02 -3.06256444e-02]
[2022-08-12 13:50:34] PRINT    [-9.47794427e-04  0.00000000e+00 -6.27051431e-03 ... -2.98395476e-02
[2022-08-12 13:50:34] PRINT     -3.20786978e-02 -3.34621000e-02]
[2022-08-12 13:50:34] PRINT    [-1.24385749e-03  4.97554701e-03 -6.14616238e-03 ... -2.44347566e-02
[2022-08-12 13:50:34] PRINT     -2.69876144e-02 -2.93480468e-02]
[2022-08-12 13:50:34] PRINT    ...
[2022-08-12 13:50:34] PRINT    [-2.10953822e-03  1.13018161e-03 -1.01709564e-02 ...  8.02006458e-03
[2022-08-12 13:50:34] PRINT      5.16540296e-03  4.03327817e-03]
[2022-08-12 13:50:34] PRINT    [ 2.40751584e-03  6.47006480e-03 -1.50464191e-03 ...  6.28574800e-03
[2022-08-12 13:50:34] PRINT      3.79176940e-03  2.80872197e-03]
[2022-08-12 13:50:34] PRINT    [ 4.01661702e-03  8.85155447e-03 -3.27285029e-03 ... -4.53364603e-03
[2022-08-12 13:50:34] PRINT     -6.76586469e-03 -8.80444570e-03]]
[2022-08-12 13:50:34] PRINT 
[2022-08-12 13:50:34] PRINT   ...
[2022-08-12 13:50:34] PRINT 
[2022-08-12 13:50:34] PRINT   [[ 1.26404716e-02  1.65730389e-02 -2.24713521e-03 ...  1.66643750e-02
[2022-08-12 13:50:34] PRINT      1.79494873e-02  1.75328163e-02]
[2022-08-12 13:50:34] PRINT    [-8.28727137e-03  5.52498883e-04 -1.57458475e-02 ... -6.83723738e-04
[2022-08-12 13:50:34] PRINT      5.24840317e-04  7.59645007e-04]
[2022-08-12 13:50:34] PRINT    [-3.57833921e-03  3.99109917e-03 -6.33094821e-03 ... -4.35595283e-03
[2022-08-12 13:50:34] PRINT     -3.44072979e-03 -2.31677435e-03]
[2022-08-12 13:50:34] PRINT    ...
[2022-08-12 13:50:34] PRINT    [ 3.35578176e-03  4.47426895e-03 -4.47426895e-03 ...  2.47487147e-03
[2022-08-12 13:50:34] PRINT      6.01793649e-03  5.60686778e-03]
[2022-08-12 13:50:34] PRINT    [-6.12124147e-03  9.73840883e-04 -6.12124147e-03 ... -3.07453129e-03
[2022-08-12 13:50:34] PRINT      5.12001134e-04  2.92194874e-04]
[2022-08-12 13:50:34] PRINT    [-7.98240835e-03  0.00000000e+00 -8.53293021e-03 ... -1.36526864e-02
[2022-08-12 13:50:34] PRINT     -1.06083688e-02 -9.96885898e-03]]
[2022-08-12 13:50:34] PRINT 
[2022-08-12 13:50:34] PRINT   [[-1.24024113e-02  2.29627923e-04 -1.24024113e-02 ... -3.75172201e-02
[2022-08-12 13:50:34] PRINT     -4.37574630e-02 -5.14469451e-02]
[2022-08-12 13:50:34] PRINT    [ 1.38123852e-03  9.43828291e-03 -2.53215936e-03 ... -3.37361509e-02
[2022-08-12 13:50:34] PRINT     -3.84161709e-02 -4.66927230e-02]
[2022-08-12 13:50:34] PRINT    [-2.76632082e-03  1.61364680e-03 -7.60723818e-03 ... -3.04864062e-02
[2022-08-12 13:50:34] PRINT     -3.43752935e-02 -4.25541797e-02]
[2022-08-12 13:50:34] PRINT    ...
[2022-08-12 13:50:34] PRINT    [-5.65766175e-03  4.47909026e-03 -6.83632753e-03 ...  1.03135639e-02
[2022-08-12 13:50:34] PRINT      3.58325427e-03  1.02191686e-04]
[2022-08-12 13:50:34] PRINT    [ 8.07792825e-03  1.52055120e-02 -1.90073652e-03 ...  1.86267405e-02
[2022-08-12 13:50:34] PRINT      1.22594354e-02  8.52933535e-03]
[2022-08-12 13:50:34] PRINT    [-5.15224812e-03  3.74707251e-03 -8.43093657e-03 ...  5.08193307e-03
[2022-08-12 13:50:34] PRINT     -1.11478490e-03 -5.37864000e-03]]
[2022-08-12 13:50:34] PRINT 
[2022-08-12 13:50:34] PRINT   [[-6.08010327e-04  2.12796774e-03 -3.04005163e-03 ...  7.80513061e-03
[2022-08-12 13:50:34] PRINT      9.61239730e-03  9.94578476e-03]
[2022-08-12 13:50:34] PRINT    [ 2.13707824e-03  3.51085320e-03 -4.12156910e-03 ...  1.03953434e-02
[2022-08-12 13:50:34] PRINT      1.31827050e-02  1.33872576e-02]
[2022-08-12 13:50:34] PRINT    [-9.16544469e-04  5.65235267e-03 -3.05525516e-03 ...  9.85337852e-03
[2022-08-12 13:50:34] PRINT      1.32355983e-02  1.35706652e-02]
[2022-08-12 13:50:34] PRINT    ...
[2022-08-12 13:50:34] PRINT    [ 7.29337103e-03  8.42787669e-03 -5.34849262e-03 ...  4.06788642e-02
[2022-08-12 13:50:34] PRINT      4.72282553e-02  5.12346414e-02]
[2022-08-12 13:50:34] PRINT    [-3.39474615e-03  1.08308760e-02 -4.36471057e-03 ...  3.49497050e-02
[2022-08-12 13:50:34] PRINT      4.18389249e-02  4.62227983e-02]
[2022-08-12 13:50:34] PRINT    [ 4.53660070e-03  8.58715151e-03 -1.13413802e-03 ...  3.43006157e-02
[2022-08-12 13:50:34] PRINT      4.11604605e-02  4.59484664e-02]]]
[2022-08-12 13:50:34] PRINT 
[2022-08-12 13:50:34] PRINT 
[2022-08-12 13:50:34] PRINT  [[[-1.98994036e-03  2.05853296e-04 -3.43100263e-03 ... -1.16340095e-02
[2022-08-12 13:50:34] PRINT     -1.31690026e-02 -1.60405400e-02]
[2022-08-12 13:50:34] PRINT    [-3.28673667e-03  1.09561769e-03 -7.12128903e-03 ... -1.24794155e-02
[2022-08-12 13:50:34] PRINT     -1.44973305e-02 -1.68742995e-02]
[2022-08-12 13:50:34] PRINT    [-2.53455960e-03  6.16598181e-04 -4.31559130e-03 ... -1.09843497e-02
[2022-08-12 13:50:34] PRINT     -1.32647872e-02 -1.53764865e-02]
[2022-08-12 13:50:34] PRINT    ...
[2022-08-12 13:50:34] PRINT    [ 2.14946979e-04  6.44890379e-03 -1.14648898e-03 ...  2.60819651e-02
[2022-08-12 13:50:34] PRINT      2.80625060e-02  2.70588991e-02]
[2022-08-12 13:50:34] PRINT    [-1.42114532e-03  2.98421902e-03 -4.76053699e-03 ...  1.58910561e-02
[2022-08-12 13:50:34] PRINT      1.85875134e-02  1.76875412e-02]
[2022-08-12 13:50:34] PRINT    [ 3.76473223e-03  4.54609323e-03 -4.97227593e-03 ...  1.40967442e-02
[2022-08-12 13:50:34] PRINT      1.72101036e-02  1.70481765e-02]]
[2022-08-12 13:50:34] PRINT 
[2022-08-12 13:50:34] PRINT   [[ 1.14361225e-02  1.16560147e-02 -2.30920382e-03 ... -2.52378098e-02
[2022-08-12 13:50:34] PRINT     -2.67039137e-02 -2.67283215e-02]
[2022-08-12 13:50:34] PRINT    [ 5.16314408e-03  7.25039006e-03 -1.30726465e-02 ... -2.30380883e-02
[2022-08-12 13:50:34] PRINT     -2.62428690e-02 -2.68765349e-02]
[2022-08-12 13:50:34] PRINT    [-7.25589278e-03  1.14336083e-02 -1.00043537e-02 ... -2.01226236e-02
[2022-08-12 13:50:34] PRINT     -2.40429557e-02 -2.52620161e-02]
[2022-08-12 13:50:34] PRINT    ...
[2022-08-12 13:50:34] PRINT    [-1.00326796e-02  6.08726193e-03 -1.00326796e-02 ...  6.43670385e-03
[2022-08-12 13:50:34] PRINT      8.33717773e-03  1.49284668e-03]
[2022-08-12 13:50:34] PRINT    [ 1.01253235e-03  8.77487916e-03 -3.14993816e-03 ...  3.57746181e-03
[2022-08-12 13:50:34] PRINT      6.14887155e-03  7.49720334e-05]
[2022-08-12 13:50:34] PRINT    [ 2.12261195e-03  6.47965576e-03 -4.13364978e-03 ... -3.37954309e-03
[2022-08-12 13:50:34] PRINT     -1.35202552e-03 -5.48122282e-03]]
[2022-08-12 13:50:34] PRINT 
[2022-08-12 13:50:34] PRINT   [[-9.47794427e-04  0.00000000e+00 -6.27051431e-03 ... -2.98395476e-02
[2022-08-12 13:50:34] PRINT     -3.20786978e-02 -3.34621000e-02]
[2022-08-12 13:50:34] PRINT    [-1.24385749e-03  4.97554701e-03 -6.14616238e-03 ... -2.44347566e-02
[2022-08-12 13:50:34] PRINT     -2.69876144e-02 -2.93480468e-02]
[2022-08-12 13:50:34] PRINT    [-1.62254596e-03  2.58135563e-03 -3.17126641e-03 ... -1.53698400e-02
[2022-08-12 13:50:34] PRINT     -1.79452457e-02 -2.12183488e-02]
[2022-08-12 13:50:34] PRINT    ...
[2022-08-12 13:50:34] PRINT    [ 2.40751584e-03  6.47006480e-03 -1.50464191e-03 ...  6.28574800e-03
[2022-08-12 13:50:34] PRINT      3.79176940e-03  2.80872197e-03]
[2022-08-12 13:50:34] PRINT    [ 4.01661702e-03  8.85155447e-03 -3.27285029e-03 ... -4.53364603e-03
[2022-08-12 13:50:34] PRINT     -6.76586469e-03 -8.80444570e-03]
[2022-08-12 13:50:34] PRINT    [ 8.71266343e-03  1.17169747e-02 -1.87772271e-03 ...  5.57683403e-03
[2022-08-12 13:50:34] PRINT      2.89019499e-03  1.23429310e-03]]
[2022-08-12 13:50:34] PRINT 
[2022-08-12 13:50:34] PRINT   ...
[2022-08-12 13:50:34] PRINT 
[2022-08-12 13:50:34] PRINT   [[-8.28727137e-03  5.52498883e-04 -1.57458475e-02 ... -6.83723738e-04
[2022-08-12 13:50:34] PRINT      5.24840317e-04  7.59645007e-04]
[2022-08-12 13:50:34] PRINT    [-3.57833921e-03  3.99109917e-03 -6.33094821e-03 ... -4.35595283e-03
[2022-08-12 13:50:34] PRINT     -3.44072979e-03 -2.31677435e-03]
[2022-08-12 13:50:34] PRINT    [ 1.03151035e-02  1.32423280e-02 -2.78780242e-03 ...  7.89660184e-03
[2022-08-12 13:50:34] PRINT      8.98247307e-03  1.04869773e-02]
[2022-08-12 13:50:34] PRINT    ...
[2022-08-12 13:50:34] PRINT    [-6.12124147e-03  9.73840883e-04 -6.12124147e-03 ... -3.07453129e-03
[2022-08-12 13:50:34] PRINT      5.12001134e-04  2.92194874e-04]
[2022-08-12 13:50:34] PRINT    [-7.98240835e-03  0.00000000e+00 -8.53293021e-03 ... -1.36526864e-02
[2022-08-12 13:50:34] PRINT     -1.06083688e-02 -9.96885898e-03]
[2022-08-12 13:50:34] PRINT    [-1.64557190e-03  3.29135362e-03 -3.56547595e-03 ... -1.66895013e-02
[2022-08-12 13:50:34] PRINT     -1.45199993e-02 -1.29502394e-02]]
[2022-08-12 13:50:34] PRINT 
[2022-08-12 13:50:34] PRINT   [[ 1.38123852e-03  9.43828291e-03 -2.53215936e-03 ... -3.37361509e-02
[2022-08-12 13:50:34] PRINT     -3.84161709e-02 -4.66927230e-02]
[2022-08-12 13:50:34] PRINT    [-2.76632082e-03  1.61364680e-03 -7.60723818e-03 ... -3.04864062e-02
[2022-08-12 13:50:34] PRINT     -3.43752935e-02 -4.25541797e-02]
[2022-08-12 13:50:34] PRINT    [ 2.79011871e-03  4.65010484e-03 -9.29946567e-04 ... -2.02161701e-02
[2022-08-12 13:50:34] PRINT     -2.38083597e-02 -3.15894966e-02]
[2022-08-12 13:50:34] PRINT    ...
[2022-08-12 13:50:34] PRINT    [ 8.07792825e-03  1.52055120e-02 -1.90073652e-03 ...  1.86267405e-02
[2022-08-12 13:50:34] PRINT      1.22594354e-02  8.52933535e-03]
[2022-08-12 13:50:34] PRINT    [-5.15224812e-03  3.74707251e-03 -8.43093657e-03 ...  5.08193307e-03
[2022-08-12 13:50:34] PRINT     -1.11478490e-03 -5.37864000e-03]
[2022-08-12 13:50:34] PRINT    [-2.09302326e-03  3.95344186e-03 -4.65118605e-03 ... -3.25589815e-04
[2022-08-12 13:50:34] PRINT     -6.80931076e-03 -1.14961282e-02]]
[2022-08-12 13:50:34] PRINT 
[2022-08-12 13:50:34] PRINT   [[ 2.13707824e-03  3.51085320e-03 -4.12156910e-03 ...  1.03953434e-02
[2022-08-12 13:50:34] PRINT      1.31827050e-02  1.33872576e-02]
[2022-08-12 13:50:34] PRINT    [-9.16544469e-04  5.65235267e-03 -3.05525516e-03 ...  9.85337852e-03
[2022-08-12 13:50:34] PRINT      1.32355983e-02  1.35706652e-02]
[2022-08-12 13:50:34] PRINT    [ 4.00003077e-03  6.15387692e-03 -6.15400000e-04 ...  1.58461740e-02
[2022-08-12 13:50:34] PRINT      1.94584830e-02  1.99692544e-02]
[2022-08-12 13:50:34] PRINT    ...
[2022-08-12 13:50:34] PRINT    [-3.39474615e-03  1.08308760e-02 -4.36471057e-03 ...  3.49497050e-02
[2022-08-12 13:50:34] PRINT      4.18389249e-02  4.62227983e-02]
[2022-08-12 13:50:34] PRINT    [ 4.53660070e-03  8.58715151e-03 -1.13413802e-03 ...  3.43006157e-02
[2022-08-12 13:50:34] PRINT      4.11604605e-02  4.59484664e-02]
[2022-08-12 13:50:34] PRINT    [ 6.43723860e-04  2.73579020e-03 -3.21853884e-03 ...  2.47033899e-02
[2022-08-12 13:50:34] PRINT      3.12381883e-02  3.66506877e-02]]]
[2022-08-12 13:50:34] PRINT 
[2022-08-12 13:50:34] PRINT 
[2022-08-12 13:50:34] PRINT  ...
[2022-08-12 13:50:34] PRINT 
[2022-08-12 13:50:34] PRINT 
[2022-08-12 13:50:34] PRINT  [[[-6.25024038e-04  2.25962019e-03 -2.16344712e-03 ... -1.03603815e-02
[2022-08-12 13:50:34] PRINT     -1.40594220e-02 -1.99709695e-02]
[2022-08-12 13:50:34] PRINT    [ 4.40444797e-03  7.30842647e-03 -3.29126372e-03 ... -2.91117737e-03
[2022-08-12 13:50:34] PRINT     -6.46812149e-03 -1.17353860e-02]
[2022-08-12 13:50:34] PRINT    [-1.01709982e-02  6.29655637e-04 -1.23988811e-02 ... -1.63211722e-03
[2022-08-12 13:50:34] PRINT     -4.88392242e-03 -9.40080868e-03]
[2022-08-12 13:50:34] PRINT    ...
[2022-08-12 13:50:34] PRINT    [ 2.02165102e-03  2.31045006e-03 -1.68474609e-03 ... -1.60606257e-02
[2022-08-12 13:50:34] PRINT     -1.55661820e-02 -1.67285188e-02]
[2022-08-12 13:50:34] PRINT    [ 1.20325357e-03  2.74337965e-03 -2.40665154e-04 ... -1.57231785e-02
[2022-08-12 13:50:34] PRINT     -1.50165753e-02 -1.60676437e-02]
[2022-08-12 13:50:34] PRINT    [-6.23699860e-04  1.96701207e-03 -9.11542881e-04 ... -1.84215956e-02
[2022-08-12 13:50:34] PRINT     -1.73484778e-02 -1.83347853e-02]]
[2022-08-12 13:50:34] PRINT 
[2022-08-12 13:50:34] PRINT   [[-3.70627013e-03  3.10103607e-03 -5.14339281e-03 ... -1.23251384e-02
[2022-08-12 13:50:34] PRINT     -2.12528182e-02 -3.02530796e-02]
[2022-08-12 13:50:34] PRINT    [ 1.33558874e-02  1.37396992e-02 -3.14709858e-03 ...  4.54407556e-03
[2022-08-12 13:50:34] PRINT     -4.88211881e-03 -1.36484026e-02]
[2022-08-12 13:50:34] PRINT    [-8.48377268e-03  4.62725576e-04 -1.48080051e-02 ...  1.12833308e-02
[2022-08-12 13:50:34] PRINT      1.22162789e-03 -6.81144590e-03]
[2022-08-12 13:50:34] PRINT    ...
[2022-08-12 13:50:34] PRINT    [-7.61367383e-03  4.76809202e-03 -1.06129740e-02 ... -1.00822720e-02
[2022-08-12 13:50:34] PRINT     -4.61737978e-03 -7.20857708e-03]
[2022-08-12 13:50:34] PRINT    [-7.16246544e-03  8.30537152e-03 -8.15305516e-03 ... -2.05692207e-02
[2022-08-12 13:50:34] PRINT     -1.36178372e-02 -1.48684717e-02]
[2022-08-12 13:50:34] PRINT    [-2.58308886e-03  2.27902445e-03 -1.06359413e-02 ... -2.46676576e-02
[2022-08-12 13:50:34] PRINT     -1.65342581e-02 -1.63286315e-02]]
[2022-08-12 13:50:34] PRINT 
[2022-08-12 13:50:34] PRINT   [[-1.31750757e-03  2.09256764e-03 -4.34006048e-03 ... -5.48012026e-02
[2022-08-12 13:50:34] PRINT     -5.66131824e-02 -6.51398828e-02]
[2022-08-12 13:50:34] PRINT    [ 4.82786957e-03  5.99598203e-03 -1.32376579e-03 ... -4.65153295e-02
[2022-08-12 13:50:34] PRINT     -4.99299050e-02 -5.70887088e-02]
[2022-08-12 13:50:34] PRINT    [-3.97322371e-03  4.67411963e-04 -1.19975147e-02 ... -4.20224444e-02
[2022-08-12 13:50:34] PRINT     -4.75039009e-02 -5.30071739e-02]
[2022-08-12 13:50:34] PRINT    ...
[2022-08-12 13:50:34] PRINT    [-1.57810032e-04  4.33887655e-03 -1.57781632e-03 ... -1.06303373e-02
[2022-08-12 13:50:34] PRINT     -1.82581379e-02 -2.51130878e-02]
[2022-08-12 13:50:34] PRINT    [ 3.47108704e-03  4.49668658e-03  0.00000000e+00 ... -8.67782708e-03
[2022-08-12 13:50:34] PRINT     -1.61470613e-02 -2.31093005e-02]
[2022-08-12 13:50:34] PRINT    [-8.58708781e-03  1.48311468e-03 -8.58708781e-03 ... -1.65496111e-02
[2022-08-12 13:50:34] PRINT     -2.40187776e-02 -3.09055865e-02]]
[2022-08-12 13:50:34] PRINT 
[2022-08-12 13:50:34] PRINT   ...
[2022-08-12 13:50:34] PRINT 
[2022-08-12 13:50:34] PRINT   [[-1.99089470e-03  0.00000000e+00 -3.84913079e-03 ... -2.40907484e-02
[2022-08-12 13:50:34] PRINT     -3.09635945e-02 -3.78550195e-02]
[2022-08-12 13:50:34] PRINT    [-6.97641823e-03  6.58154526e-03 -8.49024604e-03 ... -2.94425608e-02
[2022-08-12 13:50:34] PRINT     -3.58984021e-02 -4.30828137e-02]
[2022-08-12 13:50:34] PRINT    [ 6.57975511e-03  6.57975511e-03 -1.03017608e-02 ... -1.80978826e-02
[2022-08-12 13:50:34] PRINT     -2.38495796e-02 -3.12486640e-02]
[2022-08-12 13:50:34] PRINT    ...
[2022-08-12 13:50:34] PRINT    [ 2.89951895e-03  6.26027677e-03 -4.61331137e-04 ... -1.50444820e-02
[2022-08-12 13:50:34] PRINT     -1.93107108e-02 -2.29236718e-02]
[2022-08-12 13:50:34] PRINT    [ 5.87303709e-03  5.93908566e-03 -1.31905774e-04 ... -1.24488154e-02
[2022-08-12 13:50:34] PRINT     -1.64391822e-02 -2.01200594e-02]
[2022-08-12 13:50:34] PRINT    [ 2.04821928e-03  5.15361063e-03 -6.60759802e-04 ... -1.01652206e-02
[2022-08-12 13:50:34] PRINT     -1.36980905e-02 -1.76060334e-02]]
[2022-08-12 13:50:34] PRINT 
[2022-08-12 13:50:34] PRINT   [[-2.39232456e-03  1.23604266e-02 -3.98726077e-03 ...  5.86122721e-03
[2022-08-12 13:50:34] PRINT      1.27580948e-04 -8.19378974e-03]
[2022-08-12 13:50:34] PRINT    [ 3.49317686e-02  3.82389203e-02 -5.37416277e-03 ...  4.17114287e-02
[2022-08-12 13:50:34] PRINT      3.60810084e-02  2.84139310e-02]
[2022-08-12 13:50:34] PRINT    [-9.54750934e-03  1.24537152e-03 -2.61519718e-02 ...  4.46865747e-02
[2022-08-12 13:50:34] PRINT      3.95931791e-02  3.38522097e-02]
[2022-08-12 13:50:34] PRINT    ...
[2022-08-12 13:50:34] PRINT    [-3.91476729e-03  4.34971727e-03 -6.74210526e-03 ...  2.66855200e-02
[2022-08-12 13:50:34] PRINT      4.76468068e-02  5.56328889e-02]
[2022-08-12 13:50:34] PRINT    [-1.30399919e-03  3.26020445e-03 -5.65090222e-03 ...  2.01695622e-02
[2022-08-12 13:50:34] PRINT      4.16953169e-02  5.24016867e-02]
[2022-08-12 13:50:34] PRINT    [-6.45438898e-03  5.80895009e-03 -1.03270224e-02 ...  4.17383202e-03
[2022-08-12 13:50:34] PRINT      2.68588556e-02  3.93072197e-02]]
[2022-08-12 13:50:34] PRINT 
[2022-08-12 13:50:34] PRINT   [[-9.03145316e-03  2.11958341e-03 -1.18883142e-02 ... -6.45890407e-03
[2022-08-12 13:50:34] PRINT     -6.77624170e-03 -1.22067837e-02]
[2022-08-12 13:50:34] PRINT    [-9.21479937e-04  3.31736095e-03 -3.50164035e-03 ... -6.08038699e-03
[2022-08-12 13:50:34] PRINT     -6.33789172e-03 -1.04371710e-02]
[2022-08-12 13:50:34] PRINT    [ 1.57332712e-03  3.88707069e-03 -1.07358072e-02 ... -1.78753656e-03
[2022-08-12 13:50:34] PRINT     -1.53985383e-03 -4.69722519e-03]
[2022-08-12 13:50:34] PRINT    ...
[2022-08-12 13:50:34] PRINT    [ 2.28232166e-02  2.52206082e-02 -3.45225358e-03 ...  2.15861248e-02
[2022-08-12 13:50:34] PRINT      2.37905873e-02  2.56671913e-02]
[2022-08-12 13:50:34] PRINT    [-2.00783065e-03  7.07530384e-03 -2.00783065e-03 ...  1.75495141e-02
[2022-08-12 13:50:34] PRINT      1.94038938e-02  2.14749788e-02]
[2022-08-12 13:50:34] PRINT    [ 9.52027431e-05  5.99661157e-03 -3.52175906e-03 ...  1.19741319e-02
[2022-08-12 13:50:34] PRINT      1.37026651e-02  1.59577671e-02]]]
[2022-08-12 13:50:34] PRINT 
[2022-08-12 13:50:34] PRINT 
[2022-08-12 13:50:34] PRINT  [[[ 4.40444797e-03  7.30842647e-03 -3.29126372e-03 ... -2.91117737e-03
[2022-08-12 13:50:34] PRINT     -6.46812149e-03 -1.17353860e-02]
[2022-08-12 13:50:34] PRINT    [-1.01709982e-02  6.29655637e-04 -1.23988811e-02 ... -1.63211722e-03
[2022-08-12 13:50:34] PRINT     -4.88392242e-03 -9.40080868e-03]
[2022-08-12 13:50:34] PRINT    [ 1.35361289e-02  1.38806455e-02 -1.13216674e-03 ...  1.43825552e-02
[2022-08-12 13:50:34] PRINT      1.17403001e-02  7.51768042e-03]
[2022-08-12 13:50:34] PRINT    ...
[2022-08-12 13:50:34] PRINT    [ 1.20325357e-03  2.74337965e-03 -2.40665154e-04 ... -1.57231785e-02
[2022-08-12 13:50:34] PRINT     -1.50165753e-02 -1.60676437e-02]
[2022-08-12 13:50:34] PRINT    [-6.23699860e-04  1.96701207e-03 -9.11542881e-04 ... -1.84215956e-02
[2022-08-12 13:50:34] PRINT     -1.73484778e-02 -1.83347853e-02]
[2022-08-12 13:50:34] PRINT    [-2.39555384e-03  1.19777692e-03 -2.77885204e-03 ... -1.91016422e-02
[2022-08-12 13:50:34] PRINT     -1.78485206e-02 -1.87490796e-02]]
[2022-08-12 13:50:34] PRINT 
[2022-08-12 13:50:34] PRINT   [[ 1.33558874e-02  1.37396992e-02 -3.14709858e-03 ...  4.54407556e-03
[2022-08-12 13:50:34] PRINT     -4.88211881e-03 -1.36484026e-02]
[2022-08-12 13:50:34] PRINT    [-8.48377268e-03  4.62725576e-04 -1.48080051e-02 ...  1.12833308e-02
[2022-08-12 13:50:34] PRINT      1.22162789e-03 -6.81144590e-03]
[2022-08-12 13:50:34] PRINT    [ 3.34563465e-02  3.48202586e-02 -8.02294615e-04 ...  5.17249826e-02
[2022-08-12 13:50:34] PRINT      4.13960338e-02  3.36574819e-02]
[2022-08-12 13:50:34] PRINT    ...
[2022-08-12 13:50:34] PRINT    [-7.16246544e-03  8.30537152e-03 -8.15305516e-03 ... -2.05692207e-02
[2022-08-12 13:50:34] PRINT     -1.36178372e-02 -1.48684717e-02]
[2022-08-12 13:50:34] PRINT    [-2.58308886e-03  2.27902445e-03 -1.06359413e-02 ... -2.46676576e-02
[2022-08-12 13:50:34] PRINT     -1.65342581e-02 -1.63286315e-02]
[2022-08-12 13:50:34] PRINT    [-4.30865546e-03  3.32604901e-03 -8.46621105e-03 ... -3.03159145e-02
[2022-08-12 13:50:34] PRINT     -2.12623224e-02 -2.02887043e-02]]
[2022-08-12 13:50:34] PRINT 
[2022-08-12 13:50:34] PRINT   [[ 4.82786957e-03  5.99598203e-03 -1.32376579e-03 ... -4.65153295e-02
[2022-08-12 13:50:34] PRINT     -4.99299050e-02 -5.70887088e-02]
[2022-08-12 13:50:34] PRINT    [-3.97322371e-03  4.67411963e-04 -1.19975147e-02 ... -4.20224444e-02
[2022-08-12 13:50:34] PRINT     -4.75039009e-02 -5.30071739e-02]
[2022-08-12 13:50:34] PRINT    [ 1.12359871e-02  1.13156907e-02 -2.94840231e-03 ... -1.75830585e-02
[2022-08-12 13:50:34] PRINT     -2.37787703e-02 -2.85892466e-02]
[2022-08-12 13:50:34] PRINT    ...
[2022-08-12 13:50:34] PRINT    [ 3.47108704e-03  4.49668658e-03  0.00000000e+00 ... -8.67782708e-03
[2022-08-12 13:50:34] PRINT     -1.61470613e-02 -2.31093005e-02]
[2022-08-12 13:50:34] PRINT    [-8.58708781e-03  1.48311468e-03 -8.58708781e-03 ... -1.65496111e-02
[2022-08-12 13:50:34] PRINT     -2.40187776e-02 -3.09055865e-02]
[2022-08-12 13:50:34] PRINT    [-2.27683908e-03  1.80572344e-03 -4.00409820e-03 ... -9.24865554e-03
[2022-08-12 13:50:34] PRINT     -1.60226247e-02 -2.33754828e-02]]
[2022-08-12 13:50:34] PRINT 
[2022-08-12 13:50:34] PRINT   ...
[2022-08-12 13:50:34] PRINT 
[2022-08-12 13:50:34] PRINT   [[-6.97641823e-03  6.58154526e-03 -8.49024604e-03 ... -2.94425608e-02
[2022-08-12 13:50:34] PRINT     -3.58984021e-02 -4.30828137e-02]
[2022-08-12 13:50:34] PRINT    [ 6.57975511e-03  6.57975511e-03 -1.03017608e-02 ... -1.80978826e-02
[2022-08-12 13:50:34] PRINT     -2.38495796e-02 -3.12486640e-02]
[2022-08-12 13:50:34] PRINT    [ 8.58598727e-03  1.46229740e-02 -1.74399649e-03 ... -7.62343899e-03
[2022-08-12 13:50:34] PRINT     -1.29621850e-02 -2.03537429e-02]
[2022-08-12 13:50:34] PRINT    ...
[2022-08-12 13:50:34] PRINT    [ 5.87303709e-03  5.93908566e-03 -1.31905774e-04 ... -1.24488154e-02
[2022-08-12 13:50:34] PRINT     -1.64391822e-02 -2.01200594e-02]
[2022-08-12 13:50:34] PRINT    [ 2.04821928e-03  5.15361063e-03 -6.60759802e-04 ... -1.01652206e-02
[2022-08-12 13:50:34] PRINT     -1.36980905e-02 -1.76060334e-02]
[2022-08-12 13:50:34] PRINT    [-6.77408076e-03  1.38107199e-03 -6.77408076e-03 ... -1.36172516e-02
[2022-08-12 13:50:34] PRINT     -1.65735150e-02 -2.08659643e-02]]
[2022-08-12 13:50:34] PRINT 
[2022-08-12 13:50:34] PRINT   [[ 3.49317686e-02  3.82389203e-02 -5.37416277e-03 ...  4.17114287e-02
[2022-08-12 13:50:34] PRINT      3.60810084e-02  2.84139310e-02]
[2022-08-12 13:50:34] PRINT    [-9.54750934e-03  1.24537152e-03 -2.61519718e-02 ...  4.46865747e-02
[2022-08-12 13:50:34] PRINT      3.95931791e-02  3.38522097e-02]
[2022-08-12 13:50:34] PRINT    [ 2.80534959e-02  2.95640699e-02 -9.06348727e-03 ...  8.27362849e-02
[2022-08-12 13:50:34] PRINT      7.98014582e-02  7.37232004e-02]
[2022-08-12 13:50:34] PRINT    ...
[2022-08-12 13:50:34] PRINT    [-1.30399919e-03  3.26020445e-03 -5.65090222e-03 ...  2.01695622e-02
[2022-08-12 13:50:34] PRINT      4.16953169e-02  5.24016867e-02]
[2022-08-12 13:50:34] PRINT    [-6.45438898e-03  5.80895009e-03 -1.03270224e-02 ...  4.17383202e-03
[2022-08-12 13:50:34] PRINT      2.68588556e-02  3.93072197e-02]
[2022-08-12 13:50:34] PRINT    [ 1.30436957e-03  8.69569565e-03 -2.17386957e-03 ...  3.05951170e-03
[2022-08-12 13:50:34] PRINT      2.38375534e-02  3.81204370e-02]]
[2022-08-12 13:50:34] PRINT 
[2022-08-12 13:50:34] PRINT   [[-9.21479937e-04  3.31736095e-03 -3.50164035e-03 ... -6.08038699e-03
[2022-08-12 13:50:34] PRINT     -6.33789172e-03 -1.04371710e-02]
[2022-08-12 13:50:34] PRINT    [ 1.57332712e-03  3.88707069e-03 -1.07358072e-02 ... -1.78753656e-03
[2022-08-12 13:50:34] PRINT     -1.53985383e-03 -4.69722519e-03]
[2022-08-12 13:50:34] PRINT    [ 1.28953598e-02  1.61897688e-02 -8.47100920e-04 ...  1.42940362e-02
[2022-08-12 13:50:34] PRINT      1.48394038e-02  1.29273903e-02]
[2022-08-12 13:50:34] PRINT    ...
[2022-08-12 13:50:34] PRINT    [-2.00783065e-03  7.07530384e-03 -2.00783065e-03 ...  1.75495141e-02
[2022-08-12 13:50:34] PRINT      1.94038938e-02  2.14749788e-02]
[2022-08-12 13:50:34] PRINT    [ 9.52027431e-05  5.99661157e-03 -3.52175906e-03 ...  1.19741319e-02
[2022-08-12 13:50:34] PRINT      1.37026651e-02  1.59577671e-02]
[2022-08-12 13:50:34] PRINT    [-6.55086857e-03  3.41782961e-03 -6.83566872e-03 ...  7.99390220e-03
[2022-08-12 13:50:34] PRINT      1.02876437e-02  1.23932132e-02]]]
[2022-08-12 13:50:34] PRINT 
[2022-08-12 13:50:34] PRINT 
[2022-08-12 13:50:34] PRINT  [[[-1.01709982e-02  6.29655637e-04 -1.23988811e-02 ... -1.63211722e-03
[2022-08-12 13:50:34] PRINT     -4.88392242e-03 -9.40080868e-03]
[2022-08-12 13:50:34] PRINT    [ 1.35361289e-02  1.38806455e-02 -1.13216674e-03 ...  1.43825552e-02
[2022-08-12 13:50:34] PRINT      1.17403001e-02  7.51768042e-03]
[2022-08-12 13:50:34] PRINT    [-1.51817913e-03  9.79479887e-03 -2.35072724e-03 ...  9.32203177e-03
[2022-08-12 13:50:34] PRINT      6.99919030e-03  3.42800328e-03]
[2022-08-12 13:50:34] PRINT    ...
[2022-08-12 13:50:34] PRINT    [-6.23699860e-04  1.96701207e-03 -9.11542881e-04 ... -1.84215956e-02
[2022-08-12 13:50:34] PRINT     -1.73484778e-02 -1.83347853e-02]
[2022-08-12 13:50:34] PRINT    [-2.39555384e-03  1.19777692e-03 -2.77885204e-03 ... -1.91016422e-02
[2022-08-12 13:50:34] PRINT     -1.78485206e-02 -1.87490796e-02]
[2022-08-12 13:50:34] PRINT    [ 2.93834770e-03  3.70900278e-03 -4.33578986e-04 ... -1.30948347e-02
[2022-08-12 13:50:34] PRINT     -1.21542844e-02 -1.27360515e-02]]
[2022-08-12 13:50:34] PRINT 
[2022-08-12 13:50:34] PRINT   [[-8.48377268e-03  4.62725576e-04 -1.48080051e-02 ...  1.12833308e-02
[2022-08-12 13:50:34] PRINT      1.22162789e-03 -6.81144590e-03]
[2022-08-12 13:50:34] PRINT    [ 3.34563465e-02  3.48202586e-02 -8.02294615e-04 ...  5.17249826e-02
[2022-08-12 13:50:34] PRINT      4.13960338e-02  3.36574819e-02]
[2022-08-12 13:50:34] PRINT    [ 1.49955253e-02  1.84809836e-02 -2.99913262e-03 ...  6.15384459e-02
[2022-08-12 13:50:34] PRINT      5.18407880e-02  4.45694356e-02]
[2022-08-12 13:50:34] PRINT    ...
[2022-08-12 13:50:34] PRINT    [-2.58308886e-03  2.27902445e-03 -1.06359413e-02 ... -2.46676576e-02
[2022-08-12 13:50:34] PRINT     -1.65342581e-02 -1.63286315e-02]
[2022-08-12 13:50:34] PRINT    [-4.30865546e-03  3.32604901e-03 -8.46621105e-03 ... -3.03159145e-02
[2022-08-12 13:50:34] PRINT     -2.12623224e-02 -2.02887043e-02]
[2022-08-12 13:50:34] PRINT    [ 1.28952437e-03  3.41346426e-03 -2.35149811e-03 ... -2.71448112e-02
[2022-08-12 13:50:34] PRINT     -1.81354839e-02 -1.61192520e-02]]
[2022-08-12 13:50:34] PRINT 
[2022-08-12 13:50:34] PRINT   [[-3.97322371e-03  4.67411963e-04 -1.19975147e-02 ... -4.20224444e-02
[2022-08-12 13:50:34] PRINT     -4.75039009e-02 -5.30071739e-02]
[2022-08-12 13:50:34] PRINT    [ 1.12359871e-02  1.13156907e-02 -2.94840231e-03 ... -1.75830585e-02
[2022-08-12 13:50:34] PRINT     -2.37787703e-02 -2.85892466e-02]
[2022-08-12 13:50:34] PRINT    [ 3.64824343e-03  9.83429328e-03 -1.74473001e-03 ... -1.93631300e-02
[2022-08-12 13:50:34] PRINT     -2.69267740e-02 -3.04940658e-02]
[2022-08-12 13:50:34] PRINT    ...
[2022-08-12 13:50:34] PRINT    [-8.58708781e-03  1.48311468e-03 -8.58708781e-03 ... -1.65496111e-02
[2022-08-12 13:50:34] PRINT     -2.40187776e-02 -3.09055865e-02]
[2022-08-12 13:50:34] PRINT    [-2.27683908e-03  1.80572344e-03 -4.00409820e-03 ... -9.24865554e-03
[2022-08-12 13:50:34] PRINT     -1.60226247e-02 -2.33754828e-02]
[2022-08-12 13:50:34] PRINT    [ 3.97069323e-04  1.27071714e-03 -4.60648067e-03 ...  2.62486834e-03
[2022-08-12 13:50:34] PRINT     -3.14512922e-03 -1.04387001e-02]]
[2022-08-12 13:50:34] PRINT 
[2022-08-12 13:50:34] PRINT   ...
[2022-08-12 13:50:34] PRINT 
[2022-08-12 13:50:34] PRINT   [[ 6.57975511e-03  6.57975511e-03 -1.03017608e-02 ... -1.80978826e-02
[2022-08-12 13:50:34] PRINT     -2.38495796e-02 -3.12486640e-02]
[2022-08-12 13:50:34] PRINT    [ 8.58598727e-03  1.46229740e-02 -1.74399649e-03 ... -7.62343899e-03
[2022-08-12 13:50:34] PRINT     -1.29621850e-02 -2.03537429e-02]
[2022-08-12 13:50:34] PRINT    [-2.26478378e-03  7.59341212e-03 -4.19639632e-03 ... -1.30287430e-02
[2022-08-12 13:50:34] PRINT     -1.79444827e-02 -2.49539660e-02]
[2022-08-12 13:50:34] PRINT    ...
[2022-08-12 13:50:34] PRINT    [ 2.04821928e-03  5.15361063e-03 -6.60759802e-04 ... -1.01652206e-02
[2022-08-12 13:50:34] PRINT     -1.36980905e-02 -1.76060334e-02]
[2022-08-12 13:50:34] PRINT    [-6.77408076e-03  1.38107199e-03 -6.77408076e-03 ... -1.36172516e-02
[2022-08-12 13:50:34] PRINT     -1.65735150e-02 -2.08659643e-02]
[2022-08-12 13:50:34] PRINT    [-4.86547452e-03  8.54789949e-04 -5.91750953e-03 ... -1.27029824e-02
[2022-08-12 13:50:34] PRINT     -1.54145315e-02 -1.96834984e-02]]
[2022-08-12 13:50:34] PRINT 
[2022-08-12 13:50:34] PRINT   [[-9.54750934e-03  1.24537152e-03 -2.61519718e-02 ...  4.46865747e-02
[2022-08-12 13:50:34] PRINT      3.95931791e-02  3.38522097e-02]
[2022-08-12 13:50:34] PRINT    [ 2.80534959e-02  2.95640699e-02 -9.06348727e-03 ...  8.27362849e-02
[2022-08-12 13:50:34] PRINT      7.98014582e-02  7.37232004e-02]
[2022-08-12 13:50:34] PRINT    [ 1.73875904e-02  1.91262995e-02 -3.69480564e-03 ...  8.62747576e-02
[2022-08-12 13:50:34] PRINT      8.48076909e-02  8.04318340e-02]
[2022-08-12 13:50:34] PRINT    ...
[2022-08-12 13:50:34] PRINT    [-6.45438898e-03  5.80895009e-03 -1.03270224e-02 ...  4.17383202e-03
[2022-08-12 13:50:34] PRINT      2.68588556e-02  3.93072197e-02]
[2022-08-12 13:50:34] PRINT    [ 1.30436957e-03  8.69569565e-03 -2.17386957e-03 ...  3.05951170e-03
[2022-08-12 13:50:34] PRINT      2.38375534e-02  3.81204370e-02]
[2022-08-12 13:50:34] PRINT    [-4.77538528e-03  2.60471022e-03 -9.98478402e-03 ... -2.17527058e-04
[2022-08-12 13:50:34] PRINT      1.68184552e-02  3.30442011e-02]]
[2022-08-12 13:50:34] PRINT 
[2022-08-12 13:50:34] PRINT   [[ 1.57332712e-03  3.88707069e-03 -1.07358072e-02 ... -1.78753656e-03
[2022-08-12 13:50:34] PRINT     -1.53985383e-03 -4.69722519e-03]
[2022-08-12 13:50:34] PRINT    [ 1.28953598e-02  1.61897688e-02 -8.47100920e-04 ...  1.42940362e-02
[2022-08-12 13:50:34] PRINT      1.48394038e-02  1.29273903e-02]
[2022-08-12 13:50:34] PRINT    [-8.15220195e-03  5.52845759e-03 -1.27436281e-02 ...  9.11056801e-03
[2022-08-12 13:50:34] PRINT      9.75169501e-03  8.94713147e-03]
[2022-08-12 13:50:34] PRINT    ...
[2022-08-12 13:50:34] PRINT    [ 9.52027431e-05  5.99661157e-03 -3.52175906e-03 ...  1.19741319e-02
[2022-08-12 13:50:34] PRINT      1.37026651e-02  1.59577671e-02]
[2022-08-12 13:50:34] PRINT    [-6.55086857e-03  3.41782961e-03 -6.83566872e-03 ...  7.99390220e-03
[2022-08-12 13:50:34] PRINT      1.02876437e-02  1.23932132e-02]
[2022-08-12 13:50:34] PRINT    [ 5.69447603e-04  4.17617688e-03 -2.84740886e-03 ...  6.43982099e-03
[2022-08-12 13:50:34] PRINT      9.05086610e-03  1.14405332e-02]]]]
[2022-08-12 13:50:34] PRINT [[1. 0. 1. ... 1. 1. 1.]
[2022-08-12 13:50:34] PRINT  [1. 1. 0. ... 0. 1. 0.]
[2022-08-12 13:50:34] PRINT  [0. 0. 0. ... 0. 0. 0.]
[2022-08-12 13:50:34] PRINT  ...
[2022-08-12 13:50:34] PRINT  [0. 0. 0. ... 1. 1. 1.]
[2022-08-12 13:50:34] PRINT  [0. 0. 0. ... 0. 0. 0.]
[2022-08-12 13:50:34] PRINT  [0. 1. 0. ... 0. 0. 0.]]
[2022-08-12 13:50:34] PRINT KerasTensor(type_spec=TensorSpec(shape=(None, 50, 15, 11), dtype=tf.float32, name='index_input'), name='index_input', description="created by layer 'index_input'")
[2022-08-12 13:50:34] PRINT dtml
[2022-08-12 13:50:34] PRINT attention shape (None, 11)
[2022-08-12 13:50:34] PRINT backend_reshape shape (None, 50, 11)
