[2022-08-12 13:50:17] INFO (main) Start NNI manager
[2022-08-12 13:50:17] INFO (NNIDataStore) Datastore initialization done
[2022-08-12 13:50:17] INFO (RestServer) Starting REST server at port 8080, URL prefix: "/"
[2022-08-12 13:50:17] INFO (RestServer) REST server started.
[2022-08-12 13:50:17] ERROR (NNIRestHandler) TypeError: Cannot read properties of undefined (reading 'id')
    at /Users/narijeong/opt/anaconda3/envs/ml/lib/python3.9/site-packages/nni_node/rest_server/restHandler.js:312:45
    at processTicksAndRejections (node:internal/process/task_queues:96:5)
[2022-08-12 13:50:17] INFO (NNIManager) Starting experiment: rc7kwaq0
[2022-08-12 13:50:17] INFO (NNIManager) Setup training service...
[2022-08-12 13:50:17] INFO (LocalTrainingService) Construct local machine training service.
[2022-08-12 13:50:17] INFO (NNIManager) Setup tuner...
[2022-08-12 13:50:17] INFO (NNIManager) Change NNIManager status from: INITIALIZED to: RUNNING
[2022-08-12 13:50:18] INFO (NNIManager) Add event listeners
[2022-08-12 13:50:18] INFO (LocalTrainingService) Run local machine training service.
[2022-08-12 13:50:18] INFO (NNIManager) NNIManager received command from dispatcher: ID, 
[2022-08-12 13:50:18] INFO (NNIManager) NNIManager received command from dispatcher: TR, {"parameter_id": 0, "parameter_source": "algorithm", "parameters": {"batch_size": 512, "epochs": 1, "seq": 15, "path": "./data/kdd17/preprocessed/"}, "parameter_index": 0}
[2022-08-12 13:50:18] INFO (NNIManager) NNIManager received command from dispatcher: TR, {"parameter_id": 1, "parameter_source": "algorithm", "parameters": {"batch_size": 256, "epochs": 2, "seq": 15, "path": "./data/kdd17/preprocessed/"}, "parameter_index": 0}
[2022-08-12 13:50:23] INFO (NNIManager) submitTrialJob: form: {
  sequenceId: 0,
  hyperParameters: {
    value: '{"parameter_id": 0, "parameter_source": "algorithm", "parameters": {"batch_size": 512, "epochs": 1, "seq": 15, "path": "./data/kdd17/preprocessed/"}, "parameter_index": 0}',
    index: 0
  },
  placementConstraint: { type: 'None', gpus: [] }
}
[2022-08-12 13:50:23] INFO (NNIManager) submitTrialJob: form: {
  sequenceId: 1,
  hyperParameters: {
    value: '{"parameter_id": 1, "parameter_source": "algorithm", "parameters": {"batch_size": 256, "epochs": 2, "seq": 15, "path": "./data/kdd17/preprocessed/"}, "parameter_index": 0}',
    index: 0
  },
  placementConstraint: { type: 'None', gpus: [] }
}
[2022-08-12 13:50:33] INFO (NNIManager) Trial job WqTlG status changed from WAITING to RUNNING
[2022-08-12 13:50:33] INFO (NNIManager) Trial job fEFwt status changed from WAITING to RUNNING
[2022-08-12 13:50:38] INFO (NNIManager) Trial job WqTlG status changed from RUNNING to FAILED
[2022-08-12 13:50:38] INFO (NNIManager) Trial job fEFwt status changed from RUNNING to FAILED
[2022-08-12 13:50:38] INFO (NNIManager) NNIManager received command from dispatcher: TR, {"parameter_id": 2, "parameter_source": "algorithm", "parameters": {"batch_size": 256, "epochs": 1, "seq": 15, "path": "./data/kdd17/preprocessed/"}, "parameter_index": 0}
[2022-08-12 13:50:38] INFO (NNIManager) NNIManager received command from dispatcher: TR, {"parameter_id": 3, "parameter_source": "algorithm", "parameters": {"batch_size": 512, "epochs": 2, "seq": 15, "path": "./data/kdd17/preprocessed/"}, "parameter_index": 0}
[2022-08-12 13:50:43] INFO (NNIManager) submitTrialJob: form: {
  sequenceId: 2,
  hyperParameters: {
    value: '{"parameter_id": 2, "parameter_source": "algorithm", "parameters": {"batch_size": 256, "epochs": 1, "seq": 15, "path": "./data/kdd17/preprocessed/"}, "parameter_index": 0}',
    index: 0
  },
  placementConstraint: { type: 'None', gpus: [] }
}
[2022-08-12 13:50:43] INFO (NNIManager) submitTrialJob: form: {
  sequenceId: 3,
  hyperParameters: {
    value: '{"parameter_id": 3, "parameter_source": "algorithm", "parameters": {"batch_size": 512, "epochs": 2, "seq": 15, "path": "./data/kdd17/preprocessed/"}, "parameter_index": 0}',
    index: 0
  },
  placementConstraint: { type: 'None', gpus: [] }
}
[2022-08-12 13:50:48] INFO (NNIManager) Trial job uW1oQ status changed from WAITING to RUNNING
[2022-08-12 13:50:48] INFO (NNIManager) Trial job ermO8 status changed from WAITING to RUNNING
[2022-08-12 13:50:53] INFO (NNIManager) Trial job uW1oQ status changed from RUNNING to FAILED
[2022-08-12 13:50:53] INFO (NNIManager) Trial job ermO8 status changed from RUNNING to FAILED
[2022-08-12 13:50:53] INFO (NNIManager) NNIManager received command from dispatcher: NO, {"parameter_id": 4, "parameter_source": "algorithm", "parameters": "", "parameter_index": 0}
[2022-08-12 13:50:53] INFO (NNIManager) Change NNIManager status from: RUNNING to: TUNER_NO_MORE_TRIAL
[2022-08-12 13:56:00] INFO (ShutdownManager) Initiate shutdown: SIGTERM
[2022-08-12 13:56:00] INFO (RestServer) Stopping REST server.
[2022-08-12 13:56:00] INFO (NNIManager) Change NNIManager status from: TUNER_NO_MORE_TRIAL to: STOPPING
[2022-08-12 13:56:00] INFO (NNIManager) Stopping experiment, cleaning up ...
[2022-08-12 13:56:02] INFO (RestServer) REST server stopped.
[2022-08-12 13:56:03] INFO (LocalTrainingService) Stopping local machine training service...
[2022-08-12 13:56:03] INFO (NNIManager) Change NNIManager status from: STOPPING to: STOPPED
[2022-08-12 13:56:03] INFO (NNIManager) Experiment stopped.
[2022-08-12 13:56:03] INFO (NNITensorboardManager) Forced stopping all tensorboard task.
[2022-08-12 13:56:03] INFO (NNITensorboardManager) All tensorboard task stopped.
[2022-08-12 13:56:03] INFO (NNITensorboardManager) Tensorboard manager stopped.
[2022-08-12 13:56:03] INFO (ShutdownManager) Shutdown complete.
