[2022-08-12 12:14:24] PRINT get params
[2022-08-12 12:14:24] PRINT {'batch_size': 256, 'epochs': 2, 'seq': 15, 'path': './data/kdd17/ourpped/'}
[2022-08-12 12:14:24] PRINT 51  tickers selected
[2022-08-12 12:14:24] PRINT ['SNP500.csv', 'BA.csv', 'TM.csv', 'MO.csv', 'NVS.csv', 'T.csv', 'DCM.csv', 'CHL.csv', 'BAC.csv', 'PEP.csv', 'VALE.csv', 'D.csv', 'MRK.csv', 'ORCL.csv', 'PG.csv', 'AMZN.csv', 'INTC.csv', 'MMM.csv', 'KO.csv', 'UPS.csv', 'MSFT.csv', 'TOT.csv', 'EXC.csv', 'HD.csv', 'SO.csv', 'XOM.csv', 'CVX.csv', 'RDS-B.csv', 'CMCSA.csv', 'NGG.csv', 'BHP.csv', 'WFC.csv', 'DIS.csv', 'GE.csv', 'PTR.csv', 'JPM.csv', 'SPY.csv', 'GOOGL.csv', 'PFE.csv', 'DUK.csv', 'VZ.csv', 'UNH.csv', 'MA.csv', 'SYT.csv', 'AAPL.csv', 'WMT.csv', 'NTT.csv', 'RIO.csv', 'BRK-B.csv', 'DOW.csv', 'JNJ.csv']
[2022-08-12 12:14:25] PRINT 2518 trading dates
[2022-08-12 12:14:25] PRINT tra, val, tes index:  0 2014 2266
[2022-08-12 12:14:25] PRINT 1970  training instances
[2022-08-12 12:14:25] PRINT 252  validaing instances
[2022-08-12 12:14:25] PRINT 252  testing instances
[2022-08-12 12:14:25] PRINT [[[[-5.56279098e-03  1.99157337e-03 -5.70017165e-03 ... -1.29386956e-02
[2022-08-12 12:14:25] PRINT     -1.45072531e-02 -1.71737496e-02]
[2022-08-12 12:14:25] PRINT    [-8.91666648e-04  1.02876541e-03 -2.53779144e-03 ... -1.31068374e-02
[2022-08-12 12:14:25] PRINT     -1.46225951e-02 -1.74415466e-02]
[2022-08-12 12:14:25] PRINT    [-1.98994036e-03  2.05853296e-04 -3.43100263e-03 ... -1.16340095e-02
[2022-08-12 12:14:25] PRINT     -1.31690026e-02 -1.60405400e-02]
[2022-08-12 12:14:25] PRINT    ...
[2022-08-12 12:14:25] PRINT    [ 4.22269366e-03  1.62358639e-02 -1.45642513e-04 ...  4.64069774e-02
[2022-08-12 12:14:25] PRINT      4.62293496e-02  4.50212605e-02]
[2022-08-12 12:14:25] PRINT    [-6.58552627e-03  3.00642812e-03 -1.41732000e-02 ...  2.69613170e-02
[2022-08-12 12:14:25] PRINT      2.79570477e-02  2.68026869e-02]
[2022-08-12 12:14:25] PRINT    [ 2.14946979e-04  6.44890379e-03 -1.14648898e-03 ...  2.60819651e-02
[2022-08-12 12:14:25] PRINT      2.80625060e-02  2.70588991e-02]]
[2022-08-12 12:14:25] PRINT 
[2022-08-12 12:14:25] PRINT   [[-7.44947000e-01  2.55722000e-01 -7.44947000e-01 ... -1.81243200e+00
[2022-08-12 12:14:25] PRINT     -1.82061600e+00 -1.76257000e+00]
[2022-08-12 12:14:25] PRINT    [-1.84276700e+00  9.81400000e-02 -2.01722600e+00 ... -3.48672000e+00
[2022-08-12 12:14:25] PRINT     -3.59406900e+00 -3.55375700e+00]
[2022-08-12 12:14:25] PRINT    [ 1.14361200e+00  1.16560100e+00 -2.30920000e-01 ... -2.52378100e+00
[2022-08-12 12:14:25] PRINT     -2.67039100e+00 -2.67283200e+00]
[2022-08-12 12:14:25] PRINT    ...
[2022-08-12 12:14:25] PRINT    [-6.89470000e-02  1.34452400e+00 -7.23969000e-01 ...  2.85515100e+00
[2022-08-12 12:14:25] PRINT      2.53045600e+00  1.93203100e+00]
[2022-08-12 12:14:25] PRINT    [ 2.39124000e-01  2.39124000e-01 -8.76790000e-01 ...  1.77294400e+00
[2022-08-12 12:14:25] PRINT      1.71709900e+00  1.10023600e+00]
[2022-08-12 12:14:25] PRINT    [-1.00326800e+00  6.08726000e-01 -1.00326800e+00 ...  6.43670000e-01
[2022-08-12 12:14:25] PRINT      8.33718000e-01  1.49285000e-01]]
[2022-08-12 12:14:25] PRINT 
[2022-08-12 12:14:25] PRINT   [[-1.23076400e+00  4.10255000e-01 -1.23076400e+00 ... -2.87032900e+00
[2022-08-12 12:14:25] PRINT     -3.20732500e+00 -2.90671400e+00]
[2022-08-12 12:14:25] PRINT    [ 2.26656000e-01  2.48590000e-01 -4.67938000e-01 ... -2.89062100e+00
[2022-08-12 12:14:25] PRINT     -3.18374100e+00 -3.06256400e+00]
[2022-08-12 12:14:25] PRINT    [-9.47790000e-02  0.00000000e+00 -6.27051000e-01 ... -2.98395500e+00
[2022-08-12 12:14:25] PRINT     -3.20787000e+00 -3.34621000e+00]
[2022-08-12 12:14:25] PRINT    ...
[2022-08-12 12:14:25] PRINT    [ 3.04901000e-01  1.23524400e+00 -1.01638000e-01 ...  4.51176300e+00
[2022-08-12 12:14:25] PRINT      4.27206300e+00  4.14718400e+00]
[2022-08-12 12:14:25] PRINT    [-2.10954000e-01  1.13018000e-01 -1.01709600e+00 ...  8.02006000e-01
[2022-08-12 12:14:25] PRINT      5.16540000e-01  4.03328000e-01]
[2022-08-12 12:14:25] PRINT    [ 2.40752000e-01  6.47006000e-01 -1.50464000e-01 ...  6.28575000e-01
[2022-08-12 12:14:25] PRINT      3.79177000e-01  2.80872000e-01]]
[2022-08-12 12:14:25] PRINT 
[2022-08-12 12:14:25] PRINT   ...
[2022-08-12 12:14:25] PRINT 
[2022-08-12 12:14:25] PRINT   [[ 2.77015000e-01  2.77015000e-01 -2.77004000e-01 ...  3.60116000e-01
[2022-08-12 12:14:25] PRINT      4.85877000e-01  4.20595000e-01]
[2022-08-12 12:14:25] PRINT    [ 1.26404700e+00  1.65730400e+00 -2.24714000e-01 ...  1.66643700e+00
[2022-08-12 12:14:25] PRINT      1.79494900e+00  1.75328200e+00]
[2022-08-12 12:14:25] PRINT    [-8.28727000e-01  5.52500000e-02 -1.57458500e+00 ... -6.83720000e-02
[2022-08-12 12:14:25] PRINT      5.24840000e-02  7.59650000e-02]
[2022-08-12 12:14:25] PRINT    ...
[2022-08-12 12:14:25] PRINT    [-3.36886000e-01  1.09488900e+00 -1.03873900e+00 ...  7.09576000e-01
[2022-08-12 12:14:25] PRINT      1.03200700e+00  1.01581800e+00]
[2022-08-12 12:14:25] PRINT    [ 3.35578000e-01  4.47427000e-01 -4.47427000e-01 ...  2.47487000e-01
[2022-08-12 12:14:25] PRINT      6.01794000e-01  5.60687000e-01]
[2022-08-12 12:14:25] PRINT    [-6.12124000e-01  9.73840000e-02 -6.12124000e-01 ... -3.07453000e-01
[2022-08-12 12:14:25] PRINT      5.12000000e-02  2.92190000e-02]]
[2022-08-12 12:14:25] PRINT 
[2022-08-12 12:14:25] PRINT   [[-5.11987000e-01  2.55995000e-01 -9.54154000e-01 ... -2.77752100e+00
[2022-08-12 12:14:25] PRINT     -3.48801700e+00 -4.14010000e+00]
[2022-08-12 12:14:25] PRINT    [-1.24024100e+00  2.29630000e-02 -1.24024100e+00 ... -3.75172200e+00
[2022-08-12 12:14:25] PRINT     -4.37574600e+00 -5.14469500e+00]
[2022-08-12 12:14:25] PRINT    [ 1.38124000e-01  9.43828000e-01 -2.53216000e-01 ... -3.37361500e+00
[2022-08-12 12:14:25] PRINT     -3.84161700e+00 -4.66927200e+00]
[2022-08-12 12:14:25] PRINT    ...
[2022-08-12 12:14:25] PRINT    [-2.63400000e-01  1.46073000e+00 -4.54976000e-01 ...  2.48803100e+00
[2022-08-12 12:14:25] PRINT      1.84483300e+00  1.53496700e+00]
[2022-08-12 12:14:25] PRINT    [-5.65766000e-01  4.47909000e-01 -6.83633000e-01 ...  1.03135600e+00
[2022-08-12 12:14:25] PRINT      3.58325000e-01  1.02190000e-02]
[2022-08-12 12:14:25] PRINT    [ 8.07793000e-01  1.52055100e+00 -1.90074000e-01 ...  1.86267400e+00
[2022-08-12 12:14:25] PRINT      1.22594400e+00  8.52934000e-01]]
[2022-08-12 12:14:25] PRINT 
[2022-08-12 12:14:25] PRINT   [[-4.40395000e-01  7.59360000e-02 -6.83365000e-01 ...  8.34475000e-01
[2022-08-12 12:14:25] PRINT      8.91119000e-01  9.33438000e-01]
[2022-08-12 12:14:25] PRINT    [-6.08010000e-02  2.12797000e-01 -3.04005000e-01 ...  7.80513000e-01
[2022-08-12 12:14:25] PRINT      9.61240000e-01  9.94578000e-01]
[2022-08-12 12:14:25] PRINT    [ 2.13708000e-01  3.51085000e-01 -4.12157000e-01 ...  1.03953400e+00
[2022-08-12 12:14:25] PRINT      1.31827000e+00  1.33872600e+00]
[2022-08-12 12:14:25] PRINT    ...
[2022-08-12 12:14:25] PRINT    [-6.14590000e-01  8.41009000e-01 -6.14590000e-01 ...  4.19002900e+00
[2022-08-12 12:14:25] PRINT      4.76575300e+00  5.17690400e+00]
[2022-08-12 12:14:25] PRINT    [ 7.29337000e-01  8.42788000e-01 -5.34849000e-01 ...  4.06788600e+00
[2022-08-12 12:14:25] PRINT      4.72282600e+00  5.12346400e+00]
[2022-08-12 12:14:25] PRINT    [-3.39475000e-01  1.08308800e+00 -4.36471000e-01 ...  3.49497000e+00
[2022-08-12 12:14:25] PRINT      4.18389200e+00  4.62228000e+00]]]
[2022-08-12 12:14:25] PRINT 
[2022-08-12 12:14:25] PRINT 
[2022-08-12 12:14:25] PRINT  [[[-8.91666648e-04  1.02876541e-03 -2.53779144e-03 ... -1.31068374e-02
[2022-08-12 12:14:25] PRINT     -1.46225951e-02 -1.74415466e-02]
[2022-08-12 12:14:25] PRINT    [-1.98994036e-03  2.05853296e-04 -3.43100263e-03 ... -1.16340095e-02
[2022-08-12 12:14:25] PRINT     -1.31690026e-02 -1.60405400e-02]
[2022-08-12 12:14:25] PRINT    [-3.28673667e-03  1.09561769e-03 -7.12128903e-03 ... -1.24794155e-02
[2022-08-12 12:14:25] PRINT     -1.44973305e-02 -1.68742995e-02]
[2022-08-12 12:14:25] PRINT    ...
[2022-08-12 12:14:25] PRINT    [-6.58552627e-03  3.00642812e-03 -1.41732000e-02 ...  2.69613170e-02
[2022-08-12 12:14:25] PRINT      2.79570477e-02  2.68026869e-02]
[2022-08-12 12:14:25] PRINT    [ 2.14946979e-04  6.44890379e-03 -1.14648898e-03 ...  2.60819651e-02
[2022-08-12 12:14:25] PRINT      2.80625060e-02  2.70588991e-02]
[2022-08-12 12:14:25] PRINT    [-1.42114532e-03  2.98421902e-03 -4.76053699e-03 ...  1.58910561e-02
[2022-08-12 12:14:25] PRINT      1.85875134e-02  1.76875412e-02]]
[2022-08-12 12:14:25] PRINT 
[2022-08-12 12:14:25] PRINT   [[-1.84276700e+00  9.81400000e-02 -2.01722600e+00 ... -3.48672000e+00
[2022-08-12 12:14:25] PRINT     -3.59406900e+00 -3.55375700e+00]
[2022-08-12 12:14:25] PRINT    [ 1.14361200e+00  1.16560100e+00 -2.30920000e-01 ... -2.52378100e+00
[2022-08-12 12:14:25] PRINT     -2.67039100e+00 -2.67283200e+00]
[2022-08-12 12:14:25] PRINT    [ 5.16314000e-01  7.25039000e-01 -1.30726500e+00 ... -2.30380900e+00
[2022-08-12 12:14:25] PRINT     -2.62428700e+00 -2.68765300e+00]
[2022-08-12 12:14:25] PRINT    ...
[2022-08-12 12:14:25] PRINT    [ 2.39124000e-01  2.39124000e-01 -8.76790000e-01 ...  1.77294400e+00
[2022-08-12 12:14:25] PRINT      1.71709900e+00  1.10023600e+00]
[2022-08-12 12:14:25] PRINT    [-1.00326800e+00  6.08726000e-01 -1.00326800e+00 ...  6.43670000e-01
[2022-08-12 12:14:25] PRINT      8.33718000e-01  1.49285000e-01]
[2022-08-12 12:14:25] PRINT    [ 1.01253000e-01  8.77488000e-01 -3.14994000e-01 ...  3.57746000e-01
[2022-08-12 12:14:25] PRINT      6.14887000e-01  7.49700000e-03]]
[2022-08-12 12:14:25] PRINT 
[2022-08-12 12:14:25] PRINT   [[ 2.26656000e-01  2.48590000e-01 -4.67938000e-01 ... -2.89062100e+00
[2022-08-12 12:14:25] PRINT     -3.18374100e+00 -3.06256400e+00]
[2022-08-12 12:14:25] PRINT    [-9.47790000e-02  0.00000000e+00 -6.27051000e-01 ... -2.98395500e+00
[2022-08-12 12:14:25] PRINT     -3.20787000e+00 -3.34621000e+00]
[2022-08-12 12:14:25] PRINT    [-1.24386000e-01  4.97555000e-01 -6.14616000e-01 ... -2.44347600e+00
[2022-08-12 12:14:25] PRINT     -2.69876100e+00 -2.93480500e+00]
[2022-08-12 12:14:25] PRINT    ...
[2022-08-12 12:14:25] PRINT    [-2.10954000e-01  1.13018000e-01 -1.01709600e+00 ...  8.02006000e-01
[2022-08-12 12:14:25] PRINT      5.16540000e-01  4.03328000e-01]
[2022-08-12 12:14:25] PRINT    [ 2.40752000e-01  6.47006000e-01 -1.50464000e-01 ...  6.28575000e-01
[2022-08-12 12:14:25] PRINT      3.79177000e-01  2.80872000e-01]
[2022-08-12 12:14:25] PRINT    [ 4.01662000e-01  8.85155000e-01 -3.27285000e-01 ... -4.53365000e-01
[2022-08-12 12:14:25] PRINT     -6.76586000e-01 -8.80445000e-01]]
[2022-08-12 12:14:25] PRINT 
[2022-08-12 12:14:25] PRINT   ...
[2022-08-12 12:14:25] PRINT 
[2022-08-12 12:14:25] PRINT   [[ 1.26404700e+00  1.65730400e+00 -2.24714000e-01 ...  1.66643700e+00
[2022-08-12 12:14:25] PRINT      1.79494900e+00  1.75328200e+00]
[2022-08-12 12:14:25] PRINT    [-8.28727000e-01  5.52500000e-02 -1.57458500e+00 ... -6.83720000e-02
[2022-08-12 12:14:25] PRINT      5.24840000e-02  7.59650000e-02]
[2022-08-12 12:14:25] PRINT    [-3.57834000e-01  3.99110000e-01 -6.33095000e-01 ... -4.35595000e-01
[2022-08-12 12:14:25] PRINT     -3.44073000e-01 -2.31677000e-01]
[2022-08-12 12:14:25] PRINT    ...
[2022-08-12 12:14:25] PRINT    [ 3.35578000e-01  4.47427000e-01 -4.47427000e-01 ...  2.47487000e-01
[2022-08-12 12:14:25] PRINT      6.01794000e-01  5.60687000e-01]
[2022-08-12 12:14:25] PRINT    [-6.12124000e-01  9.73840000e-02 -6.12124000e-01 ... -3.07453000e-01
[2022-08-12 12:14:25] PRINT      5.12000000e-02  2.92190000e-02]
[2022-08-12 12:14:25] PRINT    [-7.98241000e-01  0.00000000e+00 -8.53293000e-01 ... -1.36526900e+00
[2022-08-12 12:14:25] PRINT     -1.06083700e+00 -9.96886000e-01]]
[2022-08-12 12:14:25] PRINT 
[2022-08-12 12:14:25] PRINT   [[-1.24024100e+00  2.29630000e-02 -1.24024100e+00 ... -3.75172200e+00
[2022-08-12 12:14:25] PRINT     -4.37574600e+00 -5.14469500e+00]
[2022-08-12 12:14:25] PRINT    [ 1.38124000e-01  9.43828000e-01 -2.53216000e-01 ... -3.37361500e+00
[2022-08-12 12:14:25] PRINT     -3.84161700e+00 -4.66927200e+00]
[2022-08-12 12:14:25] PRINT    [-2.76632000e-01  1.61365000e-01 -7.60724000e-01 ... -3.04864100e+00
[2022-08-12 12:14:25] PRINT     -3.43752900e+00 -4.25541800e+00]
[2022-08-12 12:14:25] PRINT    ...
[2022-08-12 12:14:25] PRINT    [-5.65766000e-01  4.47909000e-01 -6.83633000e-01 ...  1.03135600e+00
[2022-08-12 12:14:25] PRINT      3.58325000e-01  1.02190000e-02]
[2022-08-12 12:14:25] PRINT    [ 8.07793000e-01  1.52055100e+00 -1.90074000e-01 ...  1.86267400e+00
[2022-08-12 12:14:25] PRINT      1.22594400e+00  8.52934000e-01]
[2022-08-12 12:14:25] PRINT    [-5.15225000e-01  3.74707000e-01 -8.43094000e-01 ...  5.08193000e-01
[2022-08-12 12:14:25] PRINT     -1.11478000e-01 -5.37864000e-01]]
[2022-08-12 12:14:25] PRINT 
[2022-08-12 12:14:25] PRINT   [[-6.08010000e-02  2.12797000e-01 -3.04005000e-01 ...  7.80513000e-01
[2022-08-12 12:14:25] PRINT      9.61240000e-01  9.94578000e-01]
[2022-08-12 12:14:25] PRINT    [ 2.13708000e-01  3.51085000e-01 -4.12157000e-01 ...  1.03953400e+00
[2022-08-12 12:14:25] PRINT      1.31827000e+00  1.33872600e+00]
[2022-08-12 12:14:25] PRINT    [-9.16540000e-02  5.65235000e-01 -3.05526000e-01 ...  9.85338000e-01
[2022-08-12 12:14:25] PRINT      1.32356000e+00  1.35706700e+00]
[2022-08-12 12:14:25] PRINT    ...
[2022-08-12 12:14:25] PRINT    [ 7.29337000e-01  8.42788000e-01 -5.34849000e-01 ...  4.06788600e+00
[2022-08-12 12:14:25] PRINT      4.72282600e+00  5.12346400e+00]
[2022-08-12 12:14:25] PRINT    [-3.39475000e-01  1.08308800e+00 -4.36471000e-01 ...  3.49497000e+00
[2022-08-12 12:14:25] PRINT      4.18389200e+00  4.62228000e+00]
[2022-08-12 12:14:25] PRINT    [ 4.53660000e-01  8.58715000e-01 -1.13414000e-01 ...  3.43006200e+00
[2022-08-12 12:14:25] PRINT      4.11604600e+00  4.59484700e+00]]]
[2022-08-12 12:14:25] PRINT 
[2022-08-12 12:14:25] PRINT 
[2022-08-12 12:14:25] PRINT  [[[-1.98994036e-03  2.05853296e-04 -3.43100263e-03 ... -1.16340095e-02
[2022-08-12 12:14:25] PRINT     -1.31690026e-02 -1.60405400e-02]
[2022-08-12 12:14:25] PRINT    [-3.28673667e-03  1.09561769e-03 -7.12128903e-03 ... -1.24794155e-02
[2022-08-12 12:14:25] PRINT     -1.44973305e-02 -1.68742995e-02]
[2022-08-12 12:14:25] PRINT    [-2.53455960e-03  6.16598181e-04 -4.31559130e-03 ... -1.09843497e-02
[2022-08-12 12:14:25] PRINT     -1.32647872e-02 -1.53764865e-02]
[2022-08-12 12:14:25] PRINT    ...
[2022-08-12 12:14:25] PRINT    [ 2.14946979e-04  6.44890379e-03 -1.14648898e-03 ...  2.60819651e-02
[2022-08-12 12:14:25] PRINT      2.80625060e-02  2.70588991e-02]
[2022-08-12 12:14:25] PRINT    [-1.42114532e-03  2.98421902e-03 -4.76053699e-03 ...  1.58910561e-02
[2022-08-12 12:14:25] PRINT      1.85875134e-02  1.76875412e-02]
[2022-08-12 12:14:25] PRINT    [ 3.76473223e-03  4.54609323e-03 -4.97227593e-03 ...  1.40967442e-02
[2022-08-12 12:14:25] PRINT      1.72101036e-02  1.70481765e-02]]
[2022-08-12 12:14:25] PRINT 
[2022-08-12 12:14:25] PRINT   [[ 1.14361200e+00  1.16560100e+00 -2.30920000e-01 ... -2.52378100e+00
[2022-08-12 12:14:25] PRINT     -2.67039100e+00 -2.67283200e+00]
[2022-08-12 12:14:25] PRINT    [ 5.16314000e-01  7.25039000e-01 -1.30726500e+00 ... -2.30380900e+00
[2022-08-12 12:14:25] PRINT     -2.62428700e+00 -2.68765300e+00]
[2022-08-12 12:14:25] PRINT    [-7.25589000e-01  1.14336100e+00 -1.00043500e+00 ... -2.01226200e+00
[2022-08-12 12:14:25] PRINT     -2.40429600e+00 -2.52620200e+00]
[2022-08-12 12:14:25] PRINT    ...
[2022-08-12 12:14:25] PRINT    [-1.00326800e+00  6.08726000e-01 -1.00326800e+00 ...  6.43670000e-01
[2022-08-12 12:14:25] PRINT      8.33718000e-01  1.49285000e-01]
[2022-08-12 12:14:25] PRINT    [ 1.01253000e-01  8.77488000e-01 -3.14994000e-01 ...  3.57746000e-01
[2022-08-12 12:14:25] PRINT      6.14887000e-01  7.49700000e-03]
[2022-08-12 12:14:25] PRINT    [ 2.12261000e-01  6.47966000e-01 -4.13365000e-01 ... -3.37954000e-01
[2022-08-12 12:14:25] PRINT     -1.35203000e-01 -5.48122000e-01]]
[2022-08-12 12:14:25] PRINT 
[2022-08-12 12:14:25] PRINT   [[-9.47790000e-02  0.00000000e+00 -6.27051000e-01 ... -2.98395500e+00
[2022-08-12 12:14:25] PRINT     -3.20787000e+00 -3.34621000e+00]
[2022-08-12 12:14:25] PRINT    [-1.24386000e-01  4.97555000e-01 -6.14616000e-01 ... -2.44347600e+00
[2022-08-12 12:14:25] PRINT     -2.69876100e+00 -2.93480500e+00]
[2022-08-12 12:14:25] PRINT    [-1.62255000e-01  2.58136000e-01 -3.17127000e-01 ... -1.53698400e+00
[2022-08-12 12:14:25] PRINT     -1.79452500e+00 -2.12183500e+00]
[2022-08-12 12:14:25] PRINT    ...
[2022-08-12 12:14:25] PRINT    [ 2.40752000e-01  6.47006000e-01 -1.50464000e-01 ...  6.28575000e-01
[2022-08-12 12:14:25] PRINT      3.79177000e-01  2.80872000e-01]
[2022-08-12 12:14:25] PRINT    [ 4.01662000e-01  8.85155000e-01 -3.27285000e-01 ... -4.53365000e-01
[2022-08-12 12:14:25] PRINT     -6.76586000e-01 -8.80445000e-01]
[2022-08-12 12:14:25] PRINT    [ 8.71266000e-01  1.17169700e+00 -1.87772000e-01 ...  5.57683000e-01
[2022-08-12 12:14:25] PRINT      2.89019000e-01  1.23429000e-01]]
[2022-08-12 12:14:25] PRINT 
[2022-08-12 12:14:25] PRINT   ...
[2022-08-12 12:14:25] PRINT 
[2022-08-12 12:14:25] PRINT   [[-8.28727000e-01  5.52500000e-02 -1.57458500e+00 ... -6.83720000e-02
[2022-08-12 12:14:25] PRINT      5.24840000e-02  7.59650000e-02]
[2022-08-12 12:14:25] PRINT    [-3.57834000e-01  3.99110000e-01 -6.33095000e-01 ... -4.35595000e-01
[2022-08-12 12:14:25] PRINT     -3.44073000e-01 -2.31677000e-01]
[2022-08-12 12:14:25] PRINT    [ 1.03151000e+00  1.32423300e+00 -2.78780000e-01 ...  7.89660000e-01
[2022-08-12 12:14:25] PRINT      8.98247000e-01  1.04869800e+00]
[2022-08-12 12:14:25] PRINT    ...
[2022-08-12 12:14:25] PRINT    [-6.12124000e-01  9.73840000e-02 -6.12124000e-01 ... -3.07453000e-01
[2022-08-12 12:14:25] PRINT      5.12000000e-02  2.92190000e-02]
[2022-08-12 12:14:25] PRINT    [-7.98241000e-01  0.00000000e+00 -8.53293000e-01 ... -1.36526900e+00
[2022-08-12 12:14:25] PRINT     -1.06083700e+00 -9.96886000e-01]
[2022-08-12 12:14:25] PRINT    [-1.64557000e-01  3.29135000e-01 -3.56548000e-01 ... -1.66895000e+00
[2022-08-12 12:14:25] PRINT     -1.45200000e+00 -1.29502400e+00]]
[2022-08-12 12:14:25] PRINT 
[2022-08-12 12:14:25] PRINT   [[ 1.38124000e-01  9.43828000e-01 -2.53216000e-01 ... -3.37361500e+00
[2022-08-12 12:14:25] PRINT     -3.84161700e+00 -4.66927200e+00]
[2022-08-12 12:14:25] PRINT    [-2.76632000e-01  1.61365000e-01 -7.60724000e-01 ... -3.04864100e+00
[2022-08-12 12:14:25] PRINT     -3.43752900e+00 -4.25541800e+00]
[2022-08-12 12:14:25] PRINT    [ 2.79012000e-01  4.65010000e-01 -9.29950000e-02 ... -2.02161700e+00
[2022-08-12 12:14:25] PRINT     -2.38083600e+00 -3.15895000e+00]
[2022-08-12 12:14:25] PRINT    ...
[2022-08-12 12:14:25] PRINT    [ 8.07793000e-01  1.52055100e+00 -1.90074000e-01 ...  1.86267400e+00
[2022-08-12 12:14:25] PRINT      1.22594400e+00  8.52934000e-01]
[2022-08-12 12:14:25] PRINT    [-5.15225000e-01  3.74707000e-01 -8.43094000e-01 ...  5.08193000e-01
[2022-08-12 12:14:25] PRINT     -1.11478000e-01 -5.37864000e-01]
[2022-08-12 12:14:25] PRINT    [-2.09302000e-01  3.95344000e-01 -4.65119000e-01 ... -3.25590000e-02
[2022-08-12 12:14:25] PRINT     -6.80931000e-01 -1.14961300e+00]]
[2022-08-12 12:14:25] PRINT 
[2022-08-12 12:14:25] PRINT   [[ 2.13708000e-01  3.51085000e-01 -4.12157000e-01 ...  1.03953400e+00
[2022-08-12 12:14:25] PRINT      1.31827000e+00  1.33872600e+00]
[2022-08-12 12:14:25] PRINT    [-9.16540000e-02  5.65235000e-01 -3.05526000e-01 ...  9.85338000e-01
[2022-08-12 12:14:25] PRINT      1.32356000e+00  1.35706700e+00]
[2022-08-12 12:14:25] PRINT    [ 4.00003000e-01  6.15388000e-01 -6.15400000e-02 ...  1.58461700e+00
[2022-08-12 12:14:25] PRINT      1.94584800e+00  1.99692500e+00]
[2022-08-12 12:14:25] PRINT    ...
[2022-08-12 12:14:25] PRINT    [-3.39475000e-01  1.08308800e+00 -4.36471000e-01 ...  3.49497000e+00
[2022-08-12 12:14:25] PRINT      4.18389200e+00  4.62228000e+00]
[2022-08-12 12:14:25] PRINT    [ 4.53660000e-01  8.58715000e-01 -1.13414000e-01 ...  3.43006200e+00
[2022-08-12 12:14:25] PRINT      4.11604600e+00  4.59484700e+00]
[2022-08-12 12:14:25] PRINT    [ 6.43720000e-02  2.73579000e-01 -3.21854000e-01 ...  2.47033900e+00
[2022-08-12 12:14:25] PRINT      3.12381900e+00  3.66506900e+00]]]
[2022-08-12 12:14:25] PRINT 
[2022-08-12 12:14:25] PRINT 
[2022-08-12 12:14:25] PRINT  ...
[2022-08-12 12:14:25] PRINT 
[2022-08-12 12:14:25] PRINT 
[2022-08-12 12:14:25] PRINT  [[[-6.25024038e-04  2.25962019e-03 -2.16344712e-03 ... -1.03603815e-02
[2022-08-12 12:14:25] PRINT     -1.40594220e-02 -1.99709695e-02]
[2022-08-12 12:14:25] PRINT    [ 4.40444797e-03  7.30842647e-03 -3.29126372e-03 ... -2.91117737e-03
[2022-08-12 12:14:25] PRINT     -6.46812149e-03 -1.17353860e-02]
[2022-08-12 12:14:25] PRINT    [-1.01709982e-02  6.29655637e-04 -1.23988811e-02 ... -1.63211722e-03
[2022-08-12 12:14:25] PRINT     -4.88392242e-03 -9.40080868e-03]
[2022-08-12 12:14:25] PRINT    ...
[2022-08-12 12:14:25] PRINT    [ 2.02165102e-03  2.31045006e-03 -1.68474609e-03 ... -1.60606257e-02
[2022-08-12 12:14:25] PRINT     -1.55661820e-02 -1.67285188e-02]
[2022-08-12 12:14:25] PRINT    [ 1.20325357e-03  2.74337965e-03 -2.40665154e-04 ... -1.57231785e-02
[2022-08-12 12:14:25] PRINT     -1.50165753e-02 -1.60676437e-02]
[2022-08-12 12:14:25] PRINT    [-6.23699860e-04  1.96701207e-03 -9.11542881e-04 ... -1.84215956e-02
[2022-08-12 12:14:25] PRINT     -1.73484778e-02 -1.83347853e-02]]
[2022-08-12 12:14:25] PRINT 
[2022-08-12 12:14:25] PRINT   [[-3.70627000e-01  3.10104000e-01 -5.14339000e-01 ... -1.23251400e+00
[2022-08-12 12:14:25] PRINT     -2.12528200e+00 -3.02530800e+00]
[2022-08-12 12:14:25] PRINT    [ 1.33558900e+00  1.37397000e+00 -3.14710000e-01 ...  4.54408000e-01
[2022-08-12 12:14:25] PRINT     -4.88212000e-01 -1.36484000e+00]
[2022-08-12 12:14:25] PRINT    [-8.48377000e-01  4.62730000e-02 -1.48080100e+00 ...  1.12833300e+00
[2022-08-12 12:14:25] PRINT      1.22163000e-01 -6.81145000e-01]
[2022-08-12 12:14:25] PRINT    ...
[2022-08-12 12:14:25] PRINT    [-7.61367000e-01  4.76809000e-01 -1.06129700e+00 ... -1.00822700e+00
[2022-08-12 12:14:25] PRINT     -4.61738000e-01 -7.20858000e-01]
[2022-08-12 12:14:25] PRINT    [-7.16247000e-01  8.30537000e-01 -8.15306000e-01 ... -2.05692200e+00
[2022-08-12 12:14:25] PRINT     -1.36178400e+00 -1.48684700e+00]
[2022-08-12 12:14:25] PRINT    [-2.58309000e-01  2.27902000e-01 -1.06359400e+00 ... -2.46676600e+00
[2022-08-12 12:14:25] PRINT     -1.65342600e+00 -1.63286300e+00]]
[2022-08-12 12:14:25] PRINT 
[2022-08-12 12:14:25] PRINT   [[-1.31751000e-01  2.09257000e-01 -4.34006000e-01 ... -5.48012000e+00
[2022-08-12 12:14:25] PRINT     -5.66131800e+00 -6.51398800e+00]
[2022-08-12 12:14:25] PRINT    [ 4.82787000e-01  5.99598000e-01 -1.32377000e-01 ... -4.65153300e+00
[2022-08-12 12:14:25] PRINT     -4.99299000e+00 -5.70887100e+00]
[2022-08-12 12:14:25] PRINT    [-3.97322000e-01  4.67410000e-02 -1.19975100e+00 ... -4.20224400e+00
[2022-08-12 12:14:25] PRINT     -4.75039000e+00 -5.30071700e+00]
[2022-08-12 12:14:25] PRINT    ...
[2022-08-12 12:14:25] PRINT    [-1.57810000e-02  4.33888000e-01 -1.57782000e-01 ... -1.06303400e+00
[2022-08-12 12:14:25] PRINT     -1.82581400e+00 -2.51130900e+00]
[2022-08-12 12:14:25] PRINT    [ 3.47109000e-01  4.49669000e-01  0.00000000e+00 ... -8.67783000e-01
[2022-08-12 12:14:25] PRINT     -1.61470600e+00 -2.31093000e+00]
[2022-08-12 12:14:25] PRINT    [-8.58709000e-01  1.48311000e-01 -8.58709000e-01 ... -1.65496100e+00
[2022-08-12 12:14:25] PRINT     -2.40187800e+00 -3.09055900e+00]]
[2022-08-12 12:14:25] PRINT 
[2022-08-12 12:14:25] PRINT   ...
[2022-08-12 12:14:25] PRINT 
[2022-08-12 12:14:25] PRINT   [[-1.99089000e-01  0.00000000e+00 -3.84913000e-01 ... -2.40907500e+00
[2022-08-12 12:14:25] PRINT     -3.09635900e+00 -3.78550200e+00]
[2022-08-12 12:14:25] PRINT    [-6.97642000e-01  6.58155000e-01 -8.49025000e-01 ... -2.94425600e+00
[2022-08-12 12:14:25] PRINT     -3.58984000e+00 -4.30828100e+00]
[2022-08-12 12:14:25] PRINT    [ 6.57976000e-01  6.57976000e-01 -1.03017600e+00 ... -1.80978800e+00
[2022-08-12 12:14:25] PRINT     -2.38495800e+00 -3.12486600e+00]
[2022-08-12 12:14:25] PRINT    ...
[2022-08-12 12:14:25] PRINT    [ 2.89952000e-01  6.26028000e-01 -4.61330000e-02 ... -1.50444800e+00
[2022-08-12 12:14:25] PRINT     -1.93107100e+00 -2.29236700e+00]
[2022-08-12 12:14:25] PRINT    [ 5.87304000e-01  5.93909000e-01 -1.31910000e-02 ... -1.24488200e+00
[2022-08-12 12:14:25] PRINT     -1.64391800e+00 -2.01200600e+00]
[2022-08-12 12:14:25] PRINT    [ 2.04822000e-01  5.15361000e-01 -6.60760000e-02 ... -1.01652200e+00
[2022-08-12 12:14:25] PRINT     -1.36980900e+00 -1.76060300e+00]]
[2022-08-12 12:14:25] PRINT 
[2022-08-12 12:14:25] PRINT   [[-2.39232000e-01  1.23604300e+00 -3.98726000e-01 ...  5.86123000e-01
[2022-08-12 12:14:25] PRINT      1.27580000e-02 -8.19379000e-01]
[2022-08-12 12:14:25] PRINT    [ 3.49317700e+00  3.82389200e+00 -5.37416000e-01 ...  4.17114300e+00
[2022-08-12 12:14:25] PRINT      3.60810100e+00  2.84139300e+00]
[2022-08-12 12:14:25] PRINT    [-9.54751000e-01  1.24537000e-01 -2.61519700e+00 ...  4.46865700e+00
[2022-08-12 12:14:25] PRINT      3.95931800e+00  3.38522100e+00]
[2022-08-12 12:14:25] PRINT    ...
[2022-08-12 12:14:25] PRINT    [-3.91477000e-01  4.34972000e-01 -6.74211000e-01 ...  2.66855200e+00
[2022-08-12 12:14:25] PRINT      4.76468100e+00  5.56328900e+00]
[2022-08-12 12:14:25] PRINT    [-1.30400000e-01  3.26020000e-01 -5.65090000e-01 ...  2.01695600e+00
[2022-08-12 12:14:25] PRINT      4.16953200e+00  5.24016900e+00]
[2022-08-12 12:14:25] PRINT    [-6.45439000e-01  5.80895000e-01 -1.03270200e+00 ...  4.17383000e-01
[2022-08-12 12:14:25] PRINT      2.68588600e+00  3.93072200e+00]]
[2022-08-12 12:14:25] PRINT 
[2022-08-12 12:14:25] PRINT   [[-9.03145000e-01  2.11958000e-01 -1.18883100e+00 ... -6.45890000e-01
[2022-08-12 12:14:25] PRINT     -6.77624000e-01 -1.22067800e+00]
[2022-08-12 12:14:25] PRINT    [-9.21480000e-02  3.31736000e-01 -3.50164000e-01 ... -6.08039000e-01
[2022-08-12 12:14:25] PRINT     -6.33789000e-01 -1.04371700e+00]
[2022-08-12 12:14:25] PRINT    [ 1.57333000e-01  3.88707000e-01 -1.07358100e+00 ... -1.78754000e-01
[2022-08-12 12:14:25] PRINT     -1.53985000e-01 -4.69723000e-01]
[2022-08-12 12:14:25] PRINT    ...
[2022-08-12 12:14:25] PRINT    [ 2.28232200e+00  2.52206100e+00 -3.45225000e-01 ...  2.15861200e+00
[2022-08-12 12:14:25] PRINT      2.37905900e+00  2.56671900e+00]
[2022-08-12 12:14:25] PRINT    [-2.00783000e-01  7.07530000e-01 -2.00783000e-01 ...  1.75495100e+00
[2022-08-12 12:14:25] PRINT      1.94038900e+00  2.14749800e+00]
[2022-08-12 12:14:25] PRINT    [ 9.52000000e-03  5.99661000e-01 -3.52176000e-01 ...  1.19741300e+00
[2022-08-12 12:14:25] PRINT      1.37026700e+00  1.59577700e+00]]]
[2022-08-12 12:14:25] PRINT 
[2022-08-12 12:14:25] PRINT 
[2022-08-12 12:14:25] PRINT  [[[ 4.40444797e-03  7.30842647e-03 -3.29126372e-03 ... -2.91117737e-03
[2022-08-12 12:14:25] PRINT     -6.46812149e-03 -1.17353860e-02]
[2022-08-12 12:14:25] PRINT    [-1.01709982e-02  6.29655637e-04 -1.23988811e-02 ... -1.63211722e-03
[2022-08-12 12:14:25] PRINT     -4.88392242e-03 -9.40080868e-03]
[2022-08-12 12:14:25] PRINT    [ 1.35361289e-02  1.38806455e-02 -1.13216674e-03 ...  1.43825552e-02
[2022-08-12 12:14:25] PRINT      1.17403001e-02  7.51768042e-03]
[2022-08-12 12:14:25] PRINT    ...
[2022-08-12 12:14:25] PRINT    [ 1.20325357e-03  2.74337965e-03 -2.40665154e-04 ... -1.57231785e-02
[2022-08-12 12:14:25] PRINT     -1.50165753e-02 -1.60676437e-02]
[2022-08-12 12:14:25] PRINT    [-6.23699860e-04  1.96701207e-03 -9.11542881e-04 ... -1.84215956e-02
[2022-08-12 12:14:25] PRINT     -1.73484778e-02 -1.83347853e-02]
[2022-08-12 12:14:25] PRINT    [-2.39555384e-03  1.19777692e-03 -2.77885204e-03 ... -1.91016422e-02
[2022-08-12 12:14:25] PRINT     -1.78485206e-02 -1.87490796e-02]]
[2022-08-12 12:14:25] PRINT 
[2022-08-12 12:14:25] PRINT   [[ 1.33558900e+00  1.37397000e+00 -3.14710000e-01 ...  4.54408000e-01
[2022-08-12 12:14:25] PRINT     -4.88212000e-01 -1.36484000e+00]
[2022-08-12 12:14:25] PRINT    [-8.48377000e-01  4.62730000e-02 -1.48080100e+00 ...  1.12833300e+00
[2022-08-12 12:14:25] PRINT      1.22163000e-01 -6.81145000e-01]
[2022-08-12 12:14:25] PRINT    [ 3.34563500e+00  3.48202600e+00 -8.02290000e-02 ...  5.17249800e+00
[2022-08-12 12:14:25] PRINT      4.13960300e+00  3.36574800e+00]
[2022-08-12 12:14:25] PRINT    ...
[2022-08-12 12:14:25] PRINT    [-7.16247000e-01  8.30537000e-01 -8.15306000e-01 ... -2.05692200e+00
[2022-08-12 12:14:25] PRINT     -1.36178400e+00 -1.48684700e+00]
[2022-08-12 12:14:25] PRINT    [-2.58309000e-01  2.27902000e-01 -1.06359400e+00 ... -2.46676600e+00
[2022-08-12 12:14:25] PRINT     -1.65342600e+00 -1.63286300e+00]
[2022-08-12 12:14:25] PRINT    [-4.30866000e-01  3.32605000e-01 -8.46621000e-01 ... -3.03159100e+00
[2022-08-12 12:14:25] PRINT     -2.12623200e+00 -2.02887000e+00]]
[2022-08-12 12:14:25] PRINT 
[2022-08-12 12:14:25] PRINT   [[ 4.82787000e-01  5.99598000e-01 -1.32377000e-01 ... -4.65153300e+00
[2022-08-12 12:14:25] PRINT     -4.99299000e+00 -5.70887100e+00]
[2022-08-12 12:14:25] PRINT    [-3.97322000e-01  4.67410000e-02 -1.19975100e+00 ... -4.20224400e+00
[2022-08-12 12:14:25] PRINT     -4.75039000e+00 -5.30071700e+00]
[2022-08-12 12:14:25] PRINT    [ 1.12359900e+00  1.13156900e+00 -2.94840000e-01 ... -1.75830600e+00
[2022-08-12 12:14:25] PRINT     -2.37787700e+00 -2.85892500e+00]
[2022-08-12 12:14:25] PRINT    ...
[2022-08-12 12:14:25] PRINT    [ 3.47109000e-01  4.49669000e-01  0.00000000e+00 ... -8.67783000e-01
[2022-08-12 12:14:25] PRINT     -1.61470600e+00 -2.31093000e+00]
[2022-08-12 12:14:25] PRINT    [-8.58709000e-01  1.48311000e-01 -8.58709000e-01 ... -1.65496100e+00
[2022-08-12 12:14:25] PRINT     -2.40187800e+00 -3.09055900e+00]
[2022-08-12 12:14:25] PRINT    [-2.27684000e-01  1.80572000e-01 -4.00410000e-01 ... -9.24866000e-01
[2022-08-12 12:14:25] PRINT     -1.60226200e+00 -2.33754800e+00]]
[2022-08-12 12:14:25] PRINT 
[2022-08-12 12:14:25] PRINT   ...
[2022-08-12 12:14:25] PRINT 
[2022-08-12 12:14:25] PRINT   [[-6.97642000e-01  6.58155000e-01 -8.49025000e-01 ... -2.94425600e+00
[2022-08-12 12:14:25] PRINT     -3.58984000e+00 -4.30828100e+00]
[2022-08-12 12:14:25] PRINT    [ 6.57976000e-01  6.57976000e-01 -1.03017600e+00 ... -1.80978800e+00
[2022-08-12 12:14:25] PRINT     -2.38495800e+00 -3.12486600e+00]
[2022-08-12 12:14:25] PRINT    [ 8.58599000e-01  1.46229700e+00 -1.74400000e-01 ... -7.62344000e-01
[2022-08-12 12:14:25] PRINT     -1.29621800e+00 -2.03537400e+00]
[2022-08-12 12:14:25] PRINT    ...
[2022-08-12 12:14:25] PRINT    [ 5.87304000e-01  5.93909000e-01 -1.31910000e-02 ... -1.24488200e+00
[2022-08-12 12:14:25] PRINT     -1.64391800e+00 -2.01200600e+00]
[2022-08-12 12:14:25] PRINT    [ 2.04822000e-01  5.15361000e-01 -6.60760000e-02 ... -1.01652200e+00
[2022-08-12 12:14:25] PRINT     -1.36980900e+00 -1.76060300e+00]
[2022-08-12 12:14:25] PRINT    [-6.77408000e-01  1.38107000e-01 -6.77408000e-01 ... -1.36172500e+00
[2022-08-12 12:14:25] PRINT     -1.65735100e+00 -2.08659600e+00]]
[2022-08-12 12:14:25] PRINT 
[2022-08-12 12:14:25] PRINT   [[ 3.49317700e+00  3.82389200e+00 -5.37416000e-01 ...  4.17114300e+00
[2022-08-12 12:14:25] PRINT      3.60810100e+00  2.84139300e+00]
[2022-08-12 12:14:25] PRINT    [-9.54751000e-01  1.24537000e-01 -2.61519700e+00 ...  4.46865700e+00
[2022-08-12 12:14:25] PRINT      3.95931800e+00  3.38522100e+00]
[2022-08-12 12:14:25] PRINT    [ 2.80535000e+00  2.95640700e+00 -9.06349000e-01 ...  8.27362800e+00
[2022-08-12 12:14:25] PRINT      7.98014600e+00  7.37232000e+00]
[2022-08-12 12:14:25] PRINT    ...
[2022-08-12 12:14:25] PRINT    [-1.30400000e-01  3.26020000e-01 -5.65090000e-01 ...  2.01695600e+00
[2022-08-12 12:14:25] PRINT      4.16953200e+00  5.24016900e+00]
[2022-08-12 12:14:25] PRINT    [-6.45439000e-01  5.80895000e-01 -1.03270200e+00 ...  4.17383000e-01
[2022-08-12 12:14:25] PRINT      2.68588600e+00  3.93072200e+00]
[2022-08-12 12:14:25] PRINT    [ 1.30437000e-01  8.69570000e-01 -2.17387000e-01 ...  3.05951000e-01
[2022-08-12 12:14:25] PRINT      2.38375500e+00  3.81204400e+00]]
[2022-08-12 12:14:25] PRINT 
[2022-08-12 12:14:25] PRINT   [[-9.21480000e-02  3.31736000e-01 -3.50164000e-01 ... -6.08039000e-01
[2022-08-12 12:14:25] PRINT     -6.33789000e-01 -1.04371700e+00]
[2022-08-12 12:14:25] PRINT    [ 1.57333000e-01  3.88707000e-01 -1.07358100e+00 ... -1.78754000e-01
[2022-08-12 12:14:25] PRINT     -1.53985000e-01 -4.69723000e-01]
[2022-08-12 12:14:25] PRINT    [ 1.28953600e+00  1.61897700e+00 -8.47100000e-02 ...  1.42940400e+00
[2022-08-12 12:14:25] PRINT      1.48394000e+00  1.29273900e+00]
[2022-08-12 12:14:25] PRINT    ...
[2022-08-12 12:14:25] PRINT    [-2.00783000e-01  7.07530000e-01 -2.00783000e-01 ...  1.75495100e+00
[2022-08-12 12:14:25] PRINT      1.94038900e+00  2.14749800e+00]
[2022-08-12 12:14:25] PRINT    [ 9.52000000e-03  5.99661000e-01 -3.52176000e-01 ...  1.19741300e+00
[2022-08-12 12:14:25] PRINT      1.37026700e+00  1.59577700e+00]
[2022-08-12 12:14:25] PRINT    [-6.55087000e-01  3.41783000e-01 -6.83567000e-01 ...  7.99390000e-01
[2022-08-12 12:14:25] PRINT      1.02876400e+00  1.23932100e+00]]]
[2022-08-12 12:14:25] PRINT 
[2022-08-12 12:14:25] PRINT 
[2022-08-12 12:14:25] PRINT  [[[-1.01709982e-02  6.29655637e-04 -1.23988811e-02 ... -1.63211722e-03
[2022-08-12 12:14:25] PRINT     -4.88392242e-03 -9.40080868e-03]
[2022-08-12 12:14:25] PRINT    [ 1.35361289e-02  1.38806455e-02 -1.13216674e-03 ...  1.43825552e-02
[2022-08-12 12:14:25] PRINT      1.17403001e-02  7.51768042e-03]
[2022-08-12 12:14:25] PRINT    [-1.51817913e-03  9.79479887e-03 -2.35072724e-03 ...  9.32203177e-03
[2022-08-12 12:14:25] PRINT      6.99919030e-03  3.42800328e-03]
[2022-08-12 12:14:25] PRINT    ...
[2022-08-12 12:14:25] PRINT    [-6.23699860e-04  1.96701207e-03 -9.11542881e-04 ... -1.84215956e-02
[2022-08-12 12:14:25] PRINT     -1.73484778e-02 -1.83347853e-02]
[2022-08-12 12:14:25] PRINT    [-2.39555384e-03  1.19777692e-03 -2.77885204e-03 ... -1.91016422e-02
[2022-08-12 12:14:25] PRINT     -1.78485206e-02 -1.87490796e-02]
[2022-08-12 12:14:25] PRINT    [ 2.93834770e-03  3.70900278e-03 -4.33578986e-04 ... -1.30948347e-02
[2022-08-12 12:14:25] PRINT     -1.21542844e-02 -1.27360515e-02]]
[2022-08-12 12:14:25] PRINT 
[2022-08-12 12:14:25] PRINT   [[-8.48377000e-01  4.62730000e-02 -1.48080100e+00 ...  1.12833300e+00
[2022-08-12 12:14:25] PRINT      1.22163000e-01 -6.81145000e-01]
[2022-08-12 12:14:25] PRINT    [ 3.34563500e+00  3.48202600e+00 -8.02290000e-02 ...  5.17249800e+00
[2022-08-12 12:14:25] PRINT      4.13960300e+00  3.36574800e+00]
[2022-08-12 12:14:25] PRINT    [ 1.49955300e+00  1.84809800e+00 -2.99913000e-01 ...  6.15384500e+00
[2022-08-12 12:14:25] PRINT      5.18407900e+00  4.45694400e+00]
[2022-08-12 12:14:25] PRINT    ...
[2022-08-12 12:14:25] PRINT    [-2.58309000e-01  2.27902000e-01 -1.06359400e+00 ... -2.46676600e+00
[2022-08-12 12:14:25] PRINT     -1.65342600e+00 -1.63286300e+00]
[2022-08-12 12:14:25] PRINT    [-4.30866000e-01  3.32605000e-01 -8.46621000e-01 ... -3.03159100e+00
[2022-08-12 12:14:25] PRINT     -2.12623200e+00 -2.02887000e+00]
[2022-08-12 12:14:25] PRINT    [ 1.28952000e-01  3.41346000e-01 -2.35150000e-01 ... -2.71448100e+00
[2022-08-12 12:14:25] PRINT     -1.81354800e+00 -1.61192500e+00]]
[2022-08-12 12:14:25] PRINT 
[2022-08-12 12:14:25] PRINT   [[-3.97322000e-01  4.67410000e-02 -1.19975100e+00 ... -4.20224400e+00
[2022-08-12 12:14:25] PRINT     -4.75039000e+00 -5.30071700e+00]
[2022-08-12 12:14:25] PRINT    [ 1.12359900e+00  1.13156900e+00 -2.94840000e-01 ... -1.75830600e+00
[2022-08-12 12:14:25] PRINT     -2.37787700e+00 -2.85892500e+00]
[2022-08-12 12:14:25] PRINT    [ 3.64824000e-01  9.83429000e-01 -1.74473000e-01 ... -1.93631300e+00
[2022-08-12 12:14:25] PRINT     -2.69267700e+00 -3.04940700e+00]
[2022-08-12 12:14:25] PRINT    ...
[2022-08-12 12:14:25] PRINT    [-8.58709000e-01  1.48311000e-01 -8.58709000e-01 ... -1.65496100e+00
[2022-08-12 12:14:25] PRINT     -2.40187800e+00 -3.09055900e+00]
[2022-08-12 12:14:25] PRINT    [-2.27684000e-01  1.80572000e-01 -4.00410000e-01 ... -9.24866000e-01
[2022-08-12 12:14:25] PRINT     -1.60226200e+00 -2.33754800e+00]
[2022-08-12 12:14:25] PRINT    [ 3.97070000e-02  1.27072000e-01 -4.60648000e-01 ...  2.62487000e-01
[2022-08-12 12:14:25] PRINT     -3.14513000e-01 -1.04387000e+00]]
[2022-08-12 12:14:25] PRINT 
[2022-08-12 12:14:25] PRINT   ...
[2022-08-12 12:14:25] PRINT 
[2022-08-12 12:14:25] PRINT   [[ 6.57976000e-01  6.57976000e-01 -1.03017600e+00 ... -1.80978800e+00
[2022-08-12 12:14:25] PRINT     -2.38495800e+00 -3.12486600e+00]
[2022-08-12 12:14:25] PRINT    [ 8.58599000e-01  1.46229700e+00 -1.74400000e-01 ... -7.62344000e-01
[2022-08-12 12:14:25] PRINT     -1.29621800e+00 -2.03537400e+00]
[2022-08-12 12:14:25] PRINT    [-2.26478000e-01  7.59341000e-01 -4.19640000e-01 ... -1.30287400e+00
[2022-08-12 12:14:25] PRINT     -1.79444800e+00 -2.49539700e+00]
[2022-08-12 12:14:25] PRINT    ...
[2022-08-12 12:14:25] PRINT    [ 2.04822000e-01  5.15361000e-01 -6.60760000e-02 ... -1.01652200e+00
[2022-08-12 12:14:25] PRINT     -1.36980900e+00 -1.76060300e+00]
[2022-08-12 12:14:25] PRINT    [-6.77408000e-01  1.38107000e-01 -6.77408000e-01 ... -1.36172500e+00
[2022-08-12 12:14:25] PRINT     -1.65735100e+00 -2.08659600e+00]
[2022-08-12 12:14:25] PRINT    [-4.86547000e-01  8.54790000e-02 -5.91751000e-01 ... -1.27029800e+00
[2022-08-12 12:14:25] PRINT     -1.54145300e+00 -1.96835000e+00]]
[2022-08-12 12:14:25] PRINT 
[2022-08-12 12:14:25] PRINT   [[-9.54751000e-01  1.24537000e-01 -2.61519700e+00 ...  4.46865700e+00
[2022-08-12 12:14:25] PRINT      3.95931800e+00  3.38522100e+00]
[2022-08-12 12:14:25] PRINT    [ 2.80535000e+00  2.95640700e+00 -9.06349000e-01 ...  8.27362800e+00
[2022-08-12 12:14:25] PRINT      7.98014600e+00  7.37232000e+00]
[2022-08-12 12:14:25] PRINT    [ 1.73875900e+00  1.91263000e+00 -3.69481000e-01 ...  8.62747600e+00
[2022-08-12 12:14:25] PRINT      8.48076900e+00  8.04318300e+00]
[2022-08-12 12:14:25] PRINT    ...
[2022-08-12 12:14:25] PRINT    [-6.45439000e-01  5.80895000e-01 -1.03270200e+00 ...  4.17383000e-01
[2022-08-12 12:14:25] PRINT      2.68588600e+00  3.93072200e+00]
[2022-08-12 12:14:25] PRINT    [ 1.30437000e-01  8.69570000e-01 -2.17387000e-01 ...  3.05951000e-01
[2022-08-12 12:14:25] PRINT      2.38375500e+00  3.81204400e+00]
[2022-08-12 12:14:25] PRINT    [-4.77539000e-01  2.60471000e-01 -9.98478000e-01 ... -2.17530000e-02
[2022-08-12 12:14:25] PRINT      1.68184600e+00  3.30442000e+00]]
[2022-08-12 12:14:25] PRINT 
[2022-08-12 12:14:25] PRINT   [[ 1.57333000e-01  3.88707000e-01 -1.07358100e+00 ... -1.78754000e-01
[2022-08-12 12:14:25] PRINT     -1.53985000e-01 -4.69723000e-01]
[2022-08-12 12:14:25] PRINT    [ 1.28953600e+00  1.61897700e+00 -8.47100000e-02 ...  1.42940400e+00
[2022-08-12 12:14:25] PRINT      1.48394000e+00  1.29273900e+00]
[2022-08-12 12:14:25] PRINT    [-8.15220000e-01  5.52846000e-01 -1.27436300e+00 ...  9.11057000e-01
[2022-08-12 12:14:25] PRINT      9.75170000e-01  8.94713000e-01]
[2022-08-12 12:14:25] PRINT    ...
[2022-08-12 12:14:25] PRINT    [ 9.52000000e-03  5.99661000e-01 -3.52176000e-01 ...  1.19741300e+00
[2022-08-12 12:14:25] PRINT      1.37026700e+00  1.59577700e+00]
[2022-08-12 12:14:25] PRINT    [-6.55087000e-01  3.41783000e-01 -6.83567000e-01 ...  7.99390000e-01
[2022-08-12 12:14:25] PRINT      1.02876400e+00  1.23932100e+00]
[2022-08-12 12:14:25] PRINT    [ 5.69450000e-02  4.17618000e-01 -2.84741000e-01 ...  6.43982000e-01
[2022-08-12 12:14:25] PRINT      9.05087000e-01  1.14405300e+00]]]]
[2022-08-12 12:14:25] PRINT [[0. 1. 1. ... 1. 1. 0.]
[2022-08-12 12:14:25] PRINT  [1. 0. 1. ... 0. 1. 1.]
[2022-08-12 12:14:25] PRINT  [1. 0. 0. ... 0. 1. 0.]
[2022-08-12 12:14:25] PRINT  ...
[2022-08-12 12:14:25] PRINT  [0. 0. 0. ... 0. 0. 0.]
[2022-08-12 12:14:25] PRINT  [0. 0. 0. ... 0. 0. 0.]
[2022-08-12 12:14:25] PRINT  [0. 0. 0. ... 0. 0. 0.]]
[2022-08-12 12:14:25] PRINT KerasTensor(type_spec=TensorSpec(shape=(None, 51, 15, 11), dtype=tf.float32, name='index_input'), name='index_input', description="created by layer 'index_input'")
[2022-08-12 12:14:25] PRINT dtml
[2022-08-12 12:14:26] PRINT attention shape (None, 11)
[2022-08-12 12:14:26] PRINT backend_reshape shape (None, 51, 11)
