[2022-08-12 13:34:02] INFO (main) Start NNI manager
[2022-08-12 13:34:02] INFO (NNIDataStore) Datastore initialization done
[2022-08-12 13:34:02] INFO (RestServer) Starting REST server at port 8080, URL prefix: "/"
[2022-08-12 13:34:02] INFO (RestServer) REST server started.
[2022-08-12 13:34:02] INFO (NNIManager) Starting experiment: blzt540k
[2022-08-12 13:34:03] INFO (NNIManager) Setup training service...
[2022-08-12 13:34:03] INFO (LocalTrainingService) Construct local machine training service.
[2022-08-12 13:34:03] INFO (NNIManager) Setup tuner...
[2022-08-12 13:34:03] INFO (NNIManager) Change NNIManager status from: INITIALIZED to: RUNNING
[2022-08-12 13:34:03] INFO (NNIManager) Add event listeners
[2022-08-12 13:34:03] INFO (LocalTrainingService) Run local machine training service.
[2022-08-12 13:34:03] INFO (NNIManager) NNIManager received command from dispatcher: ID, 
[2022-08-12 13:34:03] INFO (NNIManager) NNIManager received command from dispatcher: TR, {"parameter_id": 0, "parameter_source": "algorithm", "parameters": {"batch_size": 512, "epochs": 1, "seq": 15, "path": "./data/kdd17/preprocessed/"}, "parameter_index": 0}
[2022-08-12 13:34:03] INFO (NNIManager) NNIManager received command from dispatcher: TR, {"parameter_id": 1, "parameter_source": "algorithm", "parameters": {"batch_size": 256, "epochs": 1, "seq": 15, "path": "./data/kdd17/preprocessed/"}, "parameter_index": 0}
[2022-08-12 13:34:08] INFO (NNIManager) submitTrialJob: form: {
  sequenceId: 0,
  hyperParameters: {
    value: '{"parameter_id": 0, "parameter_source": "algorithm", "parameters": {"batch_size": 512, "epochs": 1, "seq": 15, "path": "./data/kdd17/preprocessed/"}, "parameter_index": 0}',
    index: 0
  },
  placementConstraint: { type: 'None', gpus: [] }
}
[2022-08-12 13:34:08] INFO (NNIManager) submitTrialJob: form: {
  sequenceId: 1,
  hyperParameters: {
    value: '{"parameter_id": 1, "parameter_source": "algorithm", "parameters": {"batch_size": 256, "epochs": 1, "seq": 15, "path": "./data/kdd17/preprocessed/"}, "parameter_index": 0}',
    index: 0
  },
  placementConstraint: { type: 'None', gpus: [] }
}
[2022-08-12 13:34:18] INFO (NNIManager) Trial job hyk4L status changed from WAITING to RUNNING
[2022-08-12 13:34:18] INFO (NNIManager) Trial job dOUq3 status changed from WAITING to RUNNING
[2022-08-12 13:34:28] INFO (NNIManager) Trial job hyk4L status changed from RUNNING to SUCCEEDED
[2022-08-12 13:34:28] INFO (NNIManager) Trial job dOUq3 status changed from RUNNING to SUCCEEDED
[2022-08-12 13:34:28] INFO (NNIManager) NNIManager received command from dispatcher: TR, {"parameter_id": 2, "parameter_source": "algorithm", "parameters": {"batch_size": 256, "epochs": 2, "seq": 15, "path": "./data/kdd17/preprocessed/"}, "parameter_index": 0}
[2022-08-12 13:34:28] INFO (NNIManager) NNIManager received command from dispatcher: TR, {"parameter_id": 3, "parameter_source": "algorithm", "parameters": {"batch_size": 512, "epochs": 2, "seq": 15, "path": "./data/kdd17/preprocessed/"}, "parameter_index": 0}
[2022-08-12 13:34:33] INFO (NNIManager) submitTrialJob: form: {
  sequenceId: 2,
  hyperParameters: {
    value: '{"parameter_id": 2, "parameter_source": "algorithm", "parameters": {"batch_size": 256, "epochs": 2, "seq": 15, "path": "./data/kdd17/preprocessed/"}, "parameter_index": 0}',
    index: 0
  },
  placementConstraint: { type: 'None', gpus: [] }
}
[2022-08-12 13:34:33] INFO (NNIManager) submitTrialJob: form: {
  sequenceId: 3,
  hyperParameters: {
    value: '{"parameter_id": 3, "parameter_source": "algorithm", "parameters": {"batch_size": 512, "epochs": 2, "seq": 15, "path": "./data/kdd17/preprocessed/"}, "parameter_index": 0}',
    index: 0
  },
  placementConstraint: { type: 'None', gpus: [] }
}
[2022-08-12 13:34:43] INFO (NNIManager) Trial job ohP7Y status changed from WAITING to RUNNING
[2022-08-12 13:34:43] INFO (NNIManager) Trial job zs8XH status changed from WAITING to RUNNING
[2022-08-12 13:34:58] INFO (NNIManager) Trial job ohP7Y status changed from RUNNING to SUCCEEDED
[2022-08-12 13:34:58] INFO (NNIManager) Trial job zs8XH status changed from RUNNING to SUCCEEDED
[2022-08-12 13:34:58] INFO (NNIManager) NNIManager received command from dispatcher: NO, {"parameter_id": 4, "parameter_source": "algorithm", "parameters": "", "parameter_index": 0}
[2022-08-12 13:34:58] INFO (NNIManager) Change NNIManager status from: RUNNING to: TUNER_NO_MORE_TRIAL
[2022-08-12 13:50:10] INFO (ShutdownManager) Initiate shutdown: SIGTERM
[2022-08-12 13:50:10] INFO (RestServer) Stopping REST server.
[2022-08-12 13:50:10] INFO (NNIManager) Change NNIManager status from: TUNER_NO_MORE_TRIAL to: STOPPING
[2022-08-12 13:50:10] INFO (NNIManager) Stopping experiment, cleaning up ...
[2022-08-12 13:50:12] INFO (RestServer) REST server stopped.
[2022-08-12 13:50:12] INFO (LocalTrainingService) Stopping local machine training service...
[2022-08-12 13:50:12] INFO (NNIManager) Change NNIManager status from: STOPPING to: STOPPED
[2022-08-12 13:50:12] INFO (NNIManager) Experiment stopped.
[2022-08-12 13:50:12] INFO (NNITensorboardManager) Forced stopping all tensorboard task.
[2022-08-12 13:50:12] INFO (NNITensorboardManager) All tensorboard task stopped.
[2022-08-12 13:50:12] INFO (NNITensorboardManager) Tensorboard manager stopped.
[2022-08-12 13:50:12] INFO (ShutdownManager) Shutdown complete.
