[2022-08-12 12:56:37] INFO (main) Start NNI manager
[2022-08-12 12:56:37] INFO (NNIDataStore) Datastore initialization done
[2022-08-12 12:56:37] INFO (RestServer) Starting REST server at port 8080, URL prefix: "/"
[2022-08-12 12:56:37] INFO (RestServer) REST server started.
[2022-08-12 12:56:38] INFO (NNIManager) Starting experiment: fxrcn0h5
[2022-08-12 12:56:38] INFO (NNIManager) Setup training service...
[2022-08-12 12:56:38] INFO (LocalTrainingService) Construct local machine training service.
[2022-08-12 12:56:38] INFO (NNIManager) Setup tuner...
[2022-08-12 12:56:38] INFO (NNIManager) Change NNIManager status from: INITIALIZED to: RUNNING
[2022-08-12 12:56:38] INFO (NNIManager) Add event listeners
[2022-08-12 12:56:38] INFO (LocalTrainingService) Run local machine training service.
[2022-08-12 12:56:38] INFO (NNIManager) NNIManager received command from dispatcher: ID, 
[2022-08-12 12:56:38] INFO (NNIManager) NNIManager received command from dispatcher: TR, {"parameter_id": 0, "parameter_source": "algorithm", "parameters": {"batch_size": 512, "epochs": 2, "seq": 15, "path": "./data/kdd17/ourpped/"}, "parameter_index": 0}
[2022-08-12 12:56:38] INFO (NNIManager) NNIManager received command from dispatcher: TR, {"parameter_id": 1, "parameter_source": "algorithm", "parameters": {"batch_size": 512, "epochs": 1, "seq": 15, "path": "./data/kdd17/ourpped/"}, "parameter_index": 0}
[2022-08-12 12:56:43] INFO (NNIManager) submitTrialJob: form: {
  sequenceId: 0,
  hyperParameters: {
    value: '{"parameter_id": 0, "parameter_source": "algorithm", "parameters": {"batch_size": 512, "epochs": 2, "seq": 15, "path": "./data/kdd17/ourpped/"}, "parameter_index": 0}',
    index: 0
  },
  placementConstraint: { type: 'None', gpus: [] }
}
[2022-08-12 12:56:43] INFO (NNIManager) submitTrialJob: form: {
  sequenceId: 1,
  hyperParameters: {
    value: '{"parameter_id": 1, "parameter_source": "algorithm", "parameters": {"batch_size": 512, "epochs": 1, "seq": 15, "path": "./data/kdd17/ourpped/"}, "parameter_index": 0}',
    index: 0
  },
  placementConstraint: { type: 'None', gpus: [] }
}
[2022-08-12 12:56:53] INFO (NNIManager) Trial job djexk status changed from WAITING to RUNNING
[2022-08-12 12:56:53] INFO (NNIManager) Trial job OGvrG status changed from WAITING to RUNNING
[2022-08-12 12:57:09] INFO (NNIManager) Trial job djexk status changed from RUNNING to FAILED
[2022-08-12 12:57:09] INFO (NNIManager) Trial job OGvrG status changed from RUNNING to FAILED
[2022-08-12 12:57:09] INFO (NNIManager) NNIManager received command from dispatcher: TR, {"parameter_id": 2, "parameter_source": "algorithm", "parameters": {"batch_size": 256, "epochs": 1, "seq": 15, "path": "./data/kdd17/ourpped/"}, "parameter_index": 0}
[2022-08-12 12:57:09] INFO (NNIManager) NNIManager received command from dispatcher: TR, {"parameter_id": 3, "parameter_source": "algorithm", "parameters": {"batch_size": 256, "epochs": 2, "seq": 15, "path": "./data/kdd17/ourpped/"}, "parameter_index": 0}
[2022-08-12 12:57:14] INFO (NNIManager) submitTrialJob: form: {
  sequenceId: 2,
  hyperParameters: {
    value: '{"parameter_id": 2, "parameter_source": "algorithm", "parameters": {"batch_size": 256, "epochs": 1, "seq": 15, "path": "./data/kdd17/ourpped/"}, "parameter_index": 0}',
    index: 0
  },
  placementConstraint: { type: 'None', gpus: [] }
}
[2022-08-12 12:57:14] INFO (NNIManager) submitTrialJob: form: {
  sequenceId: 3,
  hyperParameters: {
    value: '{"parameter_id": 3, "parameter_source": "algorithm", "parameters": {"batch_size": 256, "epochs": 2, "seq": 15, "path": "./data/kdd17/ourpped/"}, "parameter_index": 0}',
    index: 0
  },
  placementConstraint: { type: 'None', gpus: [] }
}
[2022-08-12 12:57:24] INFO (NNIManager) Trial job dSoLb status changed from WAITING to RUNNING
[2022-08-12 12:57:24] INFO (NNIManager) Trial job mndxN status changed from WAITING to RUNNING
[2022-08-12 12:57:34] INFO (NNIManager) Trial job dSoLb status changed from RUNNING to FAILED
[2022-08-12 12:57:34] INFO (NNIManager) NNIManager received command from dispatcher: NO, {"parameter_id": 4, "parameter_source": "algorithm", "parameters": "", "parameter_index": 0}
[2022-08-12 12:57:34] INFO (NNIManager) Change NNIManager status from: RUNNING to: TUNER_NO_MORE_TRIAL
[2022-08-12 12:57:39] INFO (NNIManager) Trial job mndxN status changed from RUNNING to FAILED
[2022-08-12 12:57:39] INFO (NNIManager) NNIManager received command from dispatcher: NO, {"parameter_id": 5, "parameter_source": "algorithm", "parameters": "", "parameter_index": 0}
[2022-08-12 13:01:57] INFO (ShutdownManager) Initiate shutdown: SIGTERM
[2022-08-12 13:01:57] INFO (RestServer) Stopping REST server.
[2022-08-12 13:01:57] INFO (NNIManager) Change NNIManager status from: TUNER_NO_MORE_TRIAL to: STOPPING
[2022-08-12 13:01:57] INFO (NNIManager) Stopping experiment, cleaning up ...
[2022-08-12 13:01:58] INFO (LocalTrainingService) Stopping local machine training service...
[2022-08-12 13:01:58] INFO (NNIManager) Change NNIManager status from: STOPPING to: STOPPED
[2022-08-12 13:01:58] INFO (NNIManager) Experiment stopped.
[2022-08-12 13:01:58] INFO (NNITensorboardManager) Forced stopping all tensorboard task.
[2022-08-12 13:01:58] INFO (NNITensorboardManager) All tensorboard task stopped.
[2022-08-12 13:01:58] INFO (NNITensorboardManager) Tensorboard manager stopped.
[2022-08-12 13:01:58] INFO (RestServer) REST server stopped.
[2022-08-12 13:01:58] INFO (ShutdownManager) Shutdown complete.
